2024-03-19T09:40:37.887+09:00  INFO 3176 --- [ch09] [restartedMain] kr.co.sboard.SboardApplication           : Starting SboardApplication using Java 17.0.9 with PID 3176 (C:\Users\java\Desktop\workspace\Spring\sboard\build\classes\java\main started by java in C:\Users\java\Desktop\workspace\Spring\sboard)
2024-03-19T09:40:37.891+09:00  INFO 3176 --- [ch09] [restartedMain] kr.co.sboard.SboardApplication           : No active profile set, falling back to 1 default profile: "default"
2024-03-19T09:40:38.021+09:00  INFO 3176 --- [ch09] [restartedMain] .e.DevToolsPropertyDefaultsPostProcessor : Devtools property defaults active! Set 'spring.devtools.add-properties' to 'false' to disable
2024-03-19T09:40:38.021+09:00  INFO 3176 --- [ch09] [restartedMain] .e.DevToolsPropertyDefaultsPostProcessor : For additional web related logging consider setting the 'logging.level.web' property to 'DEBUG'
2024-03-19T09:40:38.441+09:00  INFO 3176 --- [ch09] [restartedMain] .s.d.r.c.RepositoryConfigurationDelegate : Bootstrapping Spring Data JPA repositories in DEFAULT mode.
2024-03-19T09:40:38.466+09:00  INFO 3176 --- [ch09] [restartedMain] .s.d.r.c.RepositoryConfigurationDelegate : Finished Spring Data repository scanning in 20 ms. Found 1 JPA repository interface.
2024-03-19T09:40:38.777+09:00  INFO 3176 --- [ch09] [restartedMain] o.s.b.w.embedded.tomcat.TomcatWebServer  : Tomcat initialized with port 8080 (http)
2024-03-19T09:40:38.784+09:00  INFO 3176 --- [ch09] [restartedMain] o.apache.catalina.core.StandardService   : Starting service [Tomcat]
2024-03-19T09:40:38.784+09:00  INFO 3176 --- [ch09] [restartedMain] o.apache.catalina.core.StandardEngine    : Starting Servlet engine: [Apache Tomcat/10.1.19]
2024-03-19T09:40:38.812+09:00  INFO 3176 --- [ch09] [restartedMain] o.a.c.c.C.[.[localhost].[/sboard]        : Initializing Spring embedded WebApplicationContext
2024-03-19T09:40:38.813+09:00  INFO 3176 --- [ch09] [restartedMain] w.s.c.ServletWebServerApplicationContext : Root WebApplicationContext: initialization completed in 791 ms
2024-03-19T09:40:38.902+09:00  INFO 3176 --- [ch09] [restartedMain] o.hibernate.jpa.internal.util.LogHelper  : HHH000204: Processing PersistenceUnitInfo [name: default]
2024-03-19T09:40:38.942+09:00  INFO 3176 --- [ch09] [restartedMain] org.hibernate.Version                    : HHH000412: Hibernate ORM core version 6.4.4.Final
2024-03-19T09:40:38.964+09:00  INFO 3176 --- [ch09] [restartedMain] o.h.c.internal.RegionFactoryInitiator    : HHH000026: Second-level cache disabled
2024-03-19T09:40:39.141+09:00  INFO 3176 --- [ch09] [restartedMain] o.s.o.j.p.SpringPersistenceUnitInfo      : No LoadTimeWeaver setup: ignoring JPA class transformer
2024-03-19T09:40:39.160+09:00  INFO 3176 --- [ch09] [restartedMain] com.zaxxer.hikari.HikariDataSource       : HikariPool-1 - Starting...
2024-03-19T09:40:39.315+09:00  INFO 3176 --- [ch09] [restartedMain] com.zaxxer.hikari.pool.HikariPool        : HikariPool-1 - Added connection com.mysql.cj.jdbc.ConnectionImpl@cc7017c
2024-03-19T09:40:39.316+09:00  INFO 3176 --- [ch09] [restartedMain] com.zaxxer.hikari.HikariDataSource       : HikariPool-1 - Start completed.
2024-03-19T09:40:39.358+09:00  WARN 3176 --- [ch09] [restartedMain] org.hibernate.orm.deprecation            : HHH90000025: MySQLDialect does not need to be specified explicitly using 'hibernate.dialect' (remove the property setting and it will be selected by default)
2024-03-19T09:40:39.839+09:00  INFO 3176 --- [ch09] [restartedMain] o.h.e.t.j.p.i.JtaPlatformInitiator       : HHH000489: No JTA platform available (set 'hibernate.transaction.jta.platform' to enable JTA platform integration)
2024-03-19T09:40:39.870+09:00  INFO 3176 --- [ch09] [restartedMain] j.LocalContainerEntityManagerFactoryBean : Initialized JPA EntityManagerFactory for persistence unit 'default'
2024-03-19T09:40:40.123+09:00  WARN 3176 --- [ch09] [restartedMain] JpaBaseConfiguration$JpaWebConfiguration : spring.jpa.open-in-view is enabled by default. Therefore, database queries may be performed during view rendering. Explicitly configure spring.jpa.open-in-view to disable this warning
2024-03-19T09:40:40.187+09:00  INFO 3176 --- [ch09] [restartedMain] o.s.b.a.w.s.WelcomePageHandlerMapping    : Adding welcome page template: index
2024-03-19T09:40:40.270+09:00  INFO 3176 --- [ch09] [restartedMain] o.s.s.web.DefaultSecurityFilterChain     : Will secure any request with [org.springframework.security.web.session.DisableEncodeUrlFilter@69d1afa1, org.springframework.security.web.context.request.async.WebAsyncManagerIntegrationFilter@57111935, org.springframework.security.web.context.SecurityContextHolderFilter@3eea01d0, org.springframework.security.web.header.HeaderWriterFilter@65aa6f0f, org.springframework.web.filter.CorsFilter@552acfc, org.springframework.security.web.authentication.logout.LogoutFilter@1165f4ae, org.springframework.security.web.authentication.UsernamePasswordAuthenticationFilter@1a86bc23, org.springframework.security.web.savedrequest.RequestCacheAwareFilter@17dfbfa, org.springframework.security.web.servletapi.SecurityContextHolderAwareRequestFilter@12593850, org.springframework.security.web.authentication.AnonymousAuthenticationFilter@40e8f13, org.springframework.security.web.access.ExceptionTranslationFilter@ac5d2ca, org.springframework.security.web.access.intercept.AuthorizationFilter@32918dfb]
2024-03-19T09:40:40.424+09:00  INFO 3176 --- [ch09] [restartedMain] o.s.b.d.a.OptionalLiveReloadServer       : LiveReload server is running on port 35729
2024-03-19T09:40:40.441+09:00  INFO 3176 --- [ch09] [restartedMain] o.s.b.w.embedded.tomcat.TomcatWebServer  : Tomcat started on port 8080 (http) with context path '/sboard'
2024-03-19T09:40:40.446+09:00  INFO 3176 --- [ch09] [restartedMain] kr.co.sboard.SboardApplication           : Started SboardApplication in 2.832 seconds (process running for 3.277)
2024-03-19T09:47:20.570+09:00  INFO 3176 --- [ch09] [http-nio-8080-exec-1] o.a.c.c.C.[.[localhost].[/sboard]        : Initializing Spring DispatcherServlet 'dispatcherServlet'
2024-03-19T09:47:20.571+09:00  INFO 3176 --- [ch09] [http-nio-8080-exec-1] o.s.web.servlet.DispatcherServlet        : Initializing Servlet 'dispatcherServlet'
2024-03-19T09:47:20.571+09:00  INFO 3176 --- [ch09] [http-nio-8080-exec-1] o.s.web.servlet.DispatcherServlet        : Completed initialization in 0 ms
2024-03-19T09:47:20.853+09:00  WARN 3176 --- [ch09] [http-nio-8080-exec-1] n.n.u.t.e.ExpressionProcessor            : Fragment expression "/layout/userLayout.html" is being wrapped as a Thymeleaf 3 fragment expression (~{...}) for backwards compatibility purposes.  This wrapping will be dropped in the next major version of the expression processor, so please rewrite as a Thymeleaf 3 fragment expression to future-proof your code.  See https://github.com/thymeleaf/thymeleaf/issues/451 for more information.
2024-03-19T09:48:19.706+09:00  INFO 3176 --- [ch09] [SpringApplicationShutdownHook] j.LocalContainerEntityManagerFactoryBean : Closing JPA EntityManagerFactory for persistence unit 'default'
2024-03-19T09:48:19.710+09:00  INFO 3176 --- [ch09] [SpringApplicationShutdownHook] com.zaxxer.hikari.HikariDataSource       : HikariPool-1 - Shutdown initiated...
2024-03-19T09:48:19.717+09:00  INFO 3176 --- [ch09] [SpringApplicationShutdownHook] com.zaxxer.hikari.HikariDataSource       : HikariPool-1 - Shutdown completed.
2024-03-19T09:48:21.123+09:00  INFO 4556 --- [ch09] [restartedMain] kr.co.sboard.SboardApplication           : Starting SboardApplication using Java 17.0.9 with PID 4556 (C:\Users\java\Desktop\workspace\Spring\sboard\build\classes\java\main started by java in C:\Users\java\Desktop\workspace\Spring\sboard)
2024-03-19T09:48:21.124+09:00  INFO 4556 --- [ch09] [restartedMain] kr.co.sboard.SboardApplication           : No active profile set, falling back to 1 default profile: "default"
2024-03-19T09:48:21.273+09:00  INFO 4556 --- [ch09] [restartedMain] .e.DevToolsPropertyDefaultsPostProcessor : Devtools property defaults active! Set 'spring.devtools.add-properties' to 'false' to disable
2024-03-19T09:48:21.273+09:00  INFO 4556 --- [ch09] [restartedMain] .e.DevToolsPropertyDefaultsPostProcessor : For additional web related logging consider setting the 'logging.level.web' property to 'DEBUG'
2024-03-19T09:48:21.635+09:00  INFO 4556 --- [ch09] [restartedMain] .s.d.r.c.RepositoryConfigurationDelegate : Bootstrapping Spring Data JPA repositories in DEFAULT mode.
2024-03-19T09:48:21.665+09:00  INFO 4556 --- [ch09] [restartedMain] .s.d.r.c.RepositoryConfigurationDelegate : Finished Spring Data repository scanning in 25 ms. Found 1 JPA repository interface.
2024-03-19T09:48:21.961+09:00  INFO 4556 --- [ch09] [restartedMain] o.s.b.w.embedded.tomcat.TomcatWebServer  : Tomcat initialized with port 8080 (http)
2024-03-19T09:48:21.968+09:00  INFO 4556 --- [ch09] [restartedMain] o.apache.catalina.core.StandardService   : Starting service [Tomcat]
2024-03-19T09:48:21.968+09:00  INFO 4556 --- [ch09] [restartedMain] o.apache.catalina.core.StandardEngine    : Starting Servlet engine: [Apache Tomcat/10.1.19]
2024-03-19T09:48:21.994+09:00  INFO 4556 --- [ch09] [restartedMain] o.a.c.c.C.[.[localhost].[/sboard]        : Initializing Spring embedded WebApplicationContext
2024-03-19T09:48:21.995+09:00  INFO 4556 --- [ch09] [restartedMain] w.s.c.ServletWebServerApplicationContext : Root WebApplicationContext: initialization completed in 721 ms
2024-03-19T09:48:22.075+09:00  INFO 4556 --- [ch09] [restartedMain] o.hibernate.jpa.internal.util.LogHelper  : HHH000204: Processing PersistenceUnitInfo [name: default]
2024-03-19T09:48:22.102+09:00  INFO 4556 --- [ch09] [restartedMain] org.hibernate.Version                    : HHH000412: Hibernate ORM core version 6.4.4.Final
2024-03-19T09:48:22.119+09:00  INFO 4556 --- [ch09] [restartedMain] o.h.c.internal.RegionFactoryInitiator    : HHH000026: Second-level cache disabled
2024-03-19T09:48:22.253+09:00  INFO 4556 --- [ch09] [restartedMain] o.s.o.j.p.SpringPersistenceUnitInfo      : No LoadTimeWeaver setup: ignoring JPA class transformer
2024-03-19T09:48:22.268+09:00  INFO 4556 --- [ch09] [restartedMain] com.zaxxer.hikari.HikariDataSource       : HikariPool-1 - Starting...
2024-03-19T09:48:22.404+09:00  INFO 4556 --- [ch09] [restartedMain] com.zaxxer.hikari.pool.HikariPool        : HikariPool-1 - Added connection com.mysql.cj.jdbc.ConnectionImpl@fc8031c
2024-03-19T09:48:22.406+09:00  INFO 4556 --- [ch09] [restartedMain] com.zaxxer.hikari.HikariDataSource       : HikariPool-1 - Start completed.
2024-03-19T09:48:22.434+09:00  WARN 4556 --- [ch09] [restartedMain] org.hibernate.orm.deprecation            : HHH90000025: MySQLDialect does not need to be specified explicitly using 'hibernate.dialect' (remove the property setting and it will be selected by default)
2024-03-19T09:48:22.918+09:00  INFO 4556 --- [ch09] [restartedMain] o.h.e.t.j.p.i.JtaPlatformInitiator       : HHH000489: No JTA platform available (set 'hibernate.transaction.jta.platform' to enable JTA platform integration)
2024-03-19T09:48:22.941+09:00  INFO 4556 --- [ch09] [restartedMain] j.LocalContainerEntityManagerFactoryBean : Initialized JPA EntityManagerFactory for persistence unit 'default'
2024-03-19T09:48:23.157+09:00  WARN 4556 --- [ch09] [restartedMain] JpaBaseConfiguration$JpaWebConfiguration : spring.jpa.open-in-view is enabled by default. Therefore, database queries may be performed during view rendering. Explicitly configure spring.jpa.open-in-view to disable this warning
2024-03-19T09:48:23.220+09:00  INFO 4556 --- [ch09] [restartedMain] o.s.b.a.w.s.WelcomePageHandlerMapping    : Adding welcome page template: index
2024-03-19T09:48:23.300+09:00  INFO 4556 --- [ch09] [restartedMain] o.s.s.web.DefaultSecurityFilterChain     : Will secure any request with [org.springframework.security.web.session.DisableEncodeUrlFilter@3db0852d, org.springframework.security.web.context.request.async.WebAsyncManagerIntegrationFilter@1165f4ae, org.springframework.security.web.context.SecurityContextHolderFilter@1fde9873, org.springframework.security.web.header.HeaderWriterFilter@2bb131cd, org.springframework.web.filter.CorsFilter@1f0fa485, org.springframework.security.web.authentication.logout.LogoutFilter@17dfbfa, org.springframework.security.web.authentication.UsernamePasswordAuthenticationFilter@51f8baed, org.springframework.security.web.savedrequest.RequestCacheAwareFilter@74b499c2, org.springframework.security.web.servletapi.SecurityContextHolderAwareRequestFilter@4649e62c, org.springframework.security.web.authentication.AnonymousAuthenticationFilter@11fedea, org.springframework.security.web.access.ExceptionTranslationFilter@30c3e8df, org.springframework.security.web.access.intercept.AuthorizationFilter@2a80df3a]
2024-03-19T09:48:23.464+09:00  INFO 4556 --- [ch09] [restartedMain] o.s.b.d.a.OptionalLiveReloadServer       : LiveReload server is running on port 35729
2024-03-19T09:48:23.482+09:00  INFO 4556 --- [ch09] [restartedMain] o.s.b.w.embedded.tomcat.TomcatWebServer  : Tomcat started on port 8080 (http) with context path '/sboard'
2024-03-19T09:48:23.487+09:00  INFO 4556 --- [ch09] [restartedMain] kr.co.sboard.SboardApplication           : Started SboardApplication in 2.573 seconds (process running for 2.88)
2024-03-19T09:48:26.311+09:00  INFO 4556 --- [ch09] [http-nio-8080-exec-1] o.a.c.c.C.[.[localhost].[/sboard]        : Initializing Spring DispatcherServlet 'dispatcherServlet'
2024-03-19T09:48:26.312+09:00  INFO 4556 --- [ch09] [http-nio-8080-exec-1] o.s.web.servlet.DispatcherServlet        : Initializing Servlet 'dispatcherServlet'
2024-03-19T09:48:26.312+09:00  INFO 4556 --- [ch09] [http-nio-8080-exec-1] o.s.web.servlet.DispatcherServlet        : Completed initialization in 0 ms
2024-03-19T09:48:26.628+09:00  WARN 4556 --- [ch09] [http-nio-8080-exec-1] n.n.u.t.e.ExpressionProcessor            : Fragment expression "/layout/userLayout.html" is being wrapped as a Thymeleaf 3 fragment expression (~{...}) for backwards compatibility purposes.  This wrapping will be dropped in the next major version of the expression processor, so please rewrite as a Thymeleaf 3 fragment expression to future-proof your code.  See https://github.com/thymeleaf/thymeleaf/issues/451 for more information.
2024-03-19T09:59:35.339+09:00  INFO 4556 --- [ch09] [File Watcher] rtingClassPathChangeChangedEventListener : Restarting due to 16 class path changes (0 additions, 0 deletions, 16 modifications)
2024-03-19T09:59:35.356+09:00  INFO 4556 --- [ch09] [Thread-5] j.LocalContainerEntityManagerFactoryBean : Closing JPA EntityManagerFactory for persistence unit 'default'
2024-03-19T09:59:35.359+09:00  INFO 4556 --- [ch09] [Thread-5] com.zaxxer.hikari.HikariDataSource       : HikariPool-1 - Shutdown initiated...
2024-03-19T09:59:35.366+09:00  INFO 4556 --- [ch09] [Thread-5] com.zaxxer.hikari.HikariDataSource       : HikariPool-1 - Shutdown completed.
2024-03-19T09:59:35.421+09:00  INFO 4556 --- [ch09] [restartedMain] kr.co.sboard.SboardApplication           : Starting SboardApplication using Java 17.0.9 with PID 4556 (C:\Users\java\Desktop\workspace\Spring\sboard\build\classes\java\main started by java in C:\Users\java\Desktop\workspace\Spring\sboard)
2024-03-19T09:59:35.421+09:00  INFO 4556 --- [ch09] [restartedMain] kr.co.sboard.SboardApplication           : No active profile set, falling back to 1 default profile: "default"
2024-03-19T09:59:35.521+09:00  INFO 4556 --- [ch09] [restartedMain] .s.d.r.c.RepositoryConfigurationDelegate : Bootstrapping Spring Data JPA repositories in DEFAULT mode.
2024-03-19T09:59:35.525+09:00  INFO 4556 --- [ch09] [restartedMain] .s.d.r.c.RepositoryConfigurationDelegate : Finished Spring Data repository scanning in 3 ms. Found 1 JPA repository interface.
2024-03-19T09:59:35.580+09:00  INFO 4556 --- [ch09] [restartedMain] o.s.b.w.embedded.tomcat.TomcatWebServer  : Tomcat initialized with port 8080 (http)
2024-03-19T09:59:35.580+09:00  INFO 4556 --- [ch09] [restartedMain] o.apache.catalina.core.StandardService   : Starting service [Tomcat]
2024-03-19T09:59:35.580+09:00  INFO 4556 --- [ch09] [restartedMain] o.apache.catalina.core.StandardEngine    : Starting Servlet engine: [Apache Tomcat/10.1.19]
2024-03-19T09:59:35.589+09:00  INFO 4556 --- [ch09] [restartedMain] o.a.c.c.C.[.[localhost].[/sboard]        : Initializing Spring embedded WebApplicationContext
2024-03-19T09:59:35.589+09:00  INFO 4556 --- [ch09] [restartedMain] w.s.c.ServletWebServerApplicationContext : Root WebApplicationContext: initialization completed in 165 ms
2024-03-19T09:59:35.607+09:00  INFO 4556 --- [ch09] [restartedMain] o.hibernate.jpa.internal.util.LogHelper  : HHH000204: Processing PersistenceUnitInfo [name: default]
2024-03-19T09:59:35.610+09:00  INFO 4556 --- [ch09] [restartedMain] o.h.c.internal.RegionFactoryInitiator    : HHH000026: Second-level cache disabled
2024-03-19T09:59:35.612+09:00  INFO 4556 --- [ch09] [restartedMain] o.s.o.j.p.SpringPersistenceUnitInfo      : No LoadTimeWeaver setup: ignoring JPA class transformer
2024-03-19T09:59:35.613+09:00  INFO 4556 --- [ch09] [restartedMain] com.zaxxer.hikari.HikariDataSource       : HikariPool-2 - Starting...
2024-03-19T09:59:35.621+09:00  INFO 4556 --- [ch09] [restartedMain] com.zaxxer.hikari.pool.HikariPool        : HikariPool-2 - Added connection com.mysql.cj.jdbc.ConnectionImpl@39fa86a9
2024-03-19T09:59:35.621+09:00  INFO 4556 --- [ch09] [restartedMain] com.zaxxer.hikari.HikariDataSource       : HikariPool-2 - Start completed.
2024-03-19T09:59:35.622+09:00  WARN 4556 --- [ch09] [restartedMain] org.hibernate.orm.deprecation            : HHH90000025: MySQLDialect does not need to be specified explicitly using 'hibernate.dialect' (remove the property setting and it will be selected by default)
2024-03-19T09:59:35.645+09:00  INFO 4556 --- [ch09] [restartedMain] o.h.e.t.j.p.i.JtaPlatformInitiator       : HHH000489: No JTA platform available (set 'hibernate.transaction.jta.platform' to enable JTA platform integration)
2024-03-19T09:59:35.650+09:00  INFO 4556 --- [ch09] [restartedMain] j.LocalContainerEntityManagerFactoryBean : Initialized JPA EntityManagerFactory for persistence unit 'default'
2024-03-19T09:59:35.690+09:00  WARN 4556 --- [ch09] [restartedMain] JpaBaseConfiguration$JpaWebConfiguration : spring.jpa.open-in-view is enabled by default. Therefore, database queries may be performed during view rendering. Explicitly configure spring.jpa.open-in-view to disable this warning
2024-03-19T09:59:35.698+09:00  INFO 4556 --- [ch09] [restartedMain] o.s.b.a.w.s.WelcomePageHandlerMapping    : Adding welcome page template: index
2024-03-19T09:59:35.723+09:00  INFO 4556 --- [ch09] [restartedMain] o.s.s.web.DefaultSecurityFilterChain     : Will secure any request with [org.springframework.security.web.session.DisableEncodeUrlFilter@3513292d, org.springframework.security.web.context.request.async.WebAsyncManagerIntegrationFilter@5b85b64c, org.springframework.security.web.context.SecurityContextHolderFilter@da628f9, org.springframework.security.web.header.HeaderWriterFilter@7d9fbdbf, org.springframework.web.filter.CorsFilter@713cc966, org.springframework.security.web.authentication.logout.LogoutFilter@74103683, org.springframework.security.web.authentication.UsernamePasswordAuthenticationFilter@ed28c93, org.springframework.security.web.savedrequest.RequestCacheAwareFilter@4a67eea0, org.springframework.security.web.servletapi.SecurityContextHolderAwareRequestFilter@3d58ec0e, org.springframework.security.web.authentication.AnonymousAuthenticationFilter@22a26cea, org.springframework.security.web.access.ExceptionTranslationFilter@5d154ba1, org.springframework.security.web.access.intercept.AuthorizationFilter@2f3f8e4d]
2024-03-19T09:59:35.754+09:00  INFO 4556 --- [ch09] [restartedMain] o.s.b.d.a.OptionalLiveReloadServer       : LiveReload server is running on port 35729
2024-03-19T09:59:35.759+09:00  INFO 4556 --- [ch09] [restartedMain] o.s.b.w.embedded.tomcat.TomcatWebServer  : Tomcat started on port 8080 (http) with context path '/sboard'
2024-03-19T09:59:35.762+09:00  INFO 4556 --- [ch09] [restartedMain] kr.co.sboard.SboardApplication           : Started SboardApplication in 0.357 seconds (process running for 675.154)
2024-03-19T09:59:35.763+09:00  INFO 4556 --- [ch09] [restartedMain] .ConditionEvaluationDeltaLoggingListener : Condition evaluation unchanged
2024-03-19T09:59:38.080+09:00  INFO 4556 --- [ch09] [http-nio-8080-exec-1] o.a.c.c.C.[.[localhost].[/sboard]        : Initializing Spring DispatcherServlet 'dispatcherServlet'
2024-03-19T09:59:38.080+09:00  INFO 4556 --- [ch09] [http-nio-8080-exec-1] o.s.web.servlet.DispatcherServlet        : Initializing Servlet 'dispatcherServlet'
2024-03-19T09:59:38.080+09:00  INFO 4556 --- [ch09] [http-nio-8080-exec-1] o.s.web.servlet.DispatcherServlet        : Completed initialization in 0 ms
2024-03-19T09:59:55.612+09:00  INFO 4556 --- [ch09] [File Watcher] rtingClassPathChangeChangedEventListener : Restarting due to 16 class path changes (0 additions, 0 deletions, 16 modifications)
2024-03-19T09:59:55.627+09:00  INFO 4556 --- [ch09] [Thread-7] j.LocalContainerEntityManagerFactoryBean : Closing JPA EntityManagerFactory for persistence unit 'default'
2024-03-19T09:59:55.627+09:00  INFO 4556 --- [ch09] [Thread-7] com.zaxxer.hikari.HikariDataSource       : HikariPool-2 - Shutdown initiated...
2024-03-19T09:59:55.631+09:00  INFO 4556 --- [ch09] [Thread-7] com.zaxxer.hikari.HikariDataSource       : HikariPool-2 - Shutdown completed.
2024-03-19T09:59:55.686+09:00  INFO 4556 --- [ch09] [restartedMain] kr.co.sboard.SboardApplication           : Starting SboardApplication using Java 17.0.9 with PID 4556 (C:\Users\java\Desktop\workspace\Spring\sboard\build\classes\java\main started by java in C:\Users\java\Desktop\workspace\Spring\sboard)
2024-03-19T09:59:55.686+09:00  INFO 4556 --- [ch09] [restartedMain] kr.co.sboard.SboardApplication           : No active profile set, falling back to 1 default profile: "default"
2024-03-19T09:59:55.793+09:00  INFO 4556 --- [ch09] [restartedMain] .s.d.r.c.RepositoryConfigurationDelegate : Bootstrapping Spring Data JPA repositories in DEFAULT mode.
2024-03-19T09:59:55.797+09:00  INFO 4556 --- [ch09] [restartedMain] .s.d.r.c.RepositoryConfigurationDelegate : Finished Spring Data repository scanning in 3 ms. Found 1 JPA repository interface.
2024-03-19T09:59:55.844+09:00  INFO 4556 --- [ch09] [restartedMain] o.s.b.w.embedded.tomcat.TomcatWebServer  : Tomcat initialized with port 8080 (http)
2024-03-19T09:59:55.845+09:00  INFO 4556 --- [ch09] [restartedMain] o.apache.catalina.core.StandardService   : Starting service [Tomcat]
2024-03-19T09:59:55.845+09:00  INFO 4556 --- [ch09] [restartedMain] o.apache.catalina.core.StandardEngine    : Starting Servlet engine: [Apache Tomcat/10.1.19]
2024-03-19T09:59:55.853+09:00  INFO 4556 --- [ch09] [restartedMain] o.a.c.c.C.[.[localhost].[/sboard]        : Initializing Spring embedded WebApplicationContext
2024-03-19T09:59:55.853+09:00  INFO 4556 --- [ch09] [restartedMain] w.s.c.ServletWebServerApplicationContext : Root WebApplicationContext: initialization completed in 166 ms
2024-03-19T09:59:55.870+09:00  INFO 4556 --- [ch09] [restartedMain] o.hibernate.jpa.internal.util.LogHelper  : HHH000204: Processing PersistenceUnitInfo [name: default]
2024-03-19T09:59:55.873+09:00  INFO 4556 --- [ch09] [restartedMain] o.h.c.internal.RegionFactoryInitiator    : HHH000026: Second-level cache disabled
2024-03-19T09:59:55.876+09:00  INFO 4556 --- [ch09] [restartedMain] o.s.o.j.p.SpringPersistenceUnitInfo      : No LoadTimeWeaver setup: ignoring JPA class transformer
2024-03-19T09:59:55.876+09:00  INFO 4556 --- [ch09] [restartedMain] com.zaxxer.hikari.HikariDataSource       : HikariPool-3 - Starting...
2024-03-19T09:59:55.882+09:00  INFO 4556 --- [ch09] [restartedMain] com.zaxxer.hikari.pool.HikariPool        : HikariPool-3 - Added connection com.mysql.cj.jdbc.ConnectionImpl@49f2e713
2024-03-19T09:59:55.882+09:00  INFO 4556 --- [ch09] [restartedMain] com.zaxxer.hikari.HikariDataSource       : HikariPool-3 - Start completed.
2024-03-19T09:59:55.882+09:00  WARN 4556 --- [ch09] [restartedMain] org.hibernate.orm.deprecation            : HHH90000025: MySQLDialect does not need to be specified explicitly using 'hibernate.dialect' (remove the property setting and it will be selected by default)
2024-03-19T09:59:55.899+09:00  INFO 4556 --- [ch09] [restartedMain] o.h.e.t.j.p.i.JtaPlatformInitiator       : HHH000489: No JTA platform available (set 'hibernate.transaction.jta.platform' to enable JTA platform integration)
2024-03-19T09:59:55.903+09:00  INFO 4556 --- [ch09] [restartedMain] j.LocalContainerEntityManagerFactoryBean : Initialized JPA EntityManagerFactory for persistence unit 'default'
2024-03-19T09:59:55.939+09:00  WARN 4556 --- [ch09] [restartedMain] JpaBaseConfiguration$JpaWebConfiguration : spring.jpa.open-in-view is enabled by default. Therefore, database queries may be performed during view rendering. Explicitly configure spring.jpa.open-in-view to disable this warning
2024-03-19T09:59:55.945+09:00  INFO 4556 --- [ch09] [restartedMain] o.s.b.a.w.s.WelcomePageHandlerMapping    : Adding welcome page template: index
2024-03-19T09:59:55.966+09:00  INFO 4556 --- [ch09] [restartedMain] o.s.s.web.DefaultSecurityFilterChain     : Will secure any request with [org.springframework.security.web.session.DisableEncodeUrlFilter@76b256f8, org.springframework.security.web.context.request.async.WebAsyncManagerIntegrationFilter@53604ac0, org.springframework.security.web.context.SecurityContextHolderFilter@68aac3c1, org.springframework.security.web.header.HeaderWriterFilter@56512e5b, org.springframework.web.filter.CorsFilter@3e1ca62c, org.springframework.security.web.authentication.logout.LogoutFilter@7d1d5a6c, org.springframework.security.web.authentication.UsernamePasswordAuthenticationFilter@581fbd0b, org.springframework.security.web.savedrequest.RequestCacheAwareFilter@5d1f071b, org.springframework.security.web.servletapi.SecurityContextHolderAwareRequestFilter@1c6bfb24, org.springframework.security.web.authentication.AnonymousAuthenticationFilter@23f18da, org.springframework.security.web.access.ExceptionTranslationFilter@58a322ce, org.springframework.security.web.access.intercept.AuthorizationFilter@616bae83]
2024-03-19T09:59:55.990+09:00  INFO 4556 --- [ch09] [restartedMain] o.s.b.d.a.OptionalLiveReloadServer       : LiveReload server is running on port 35729
2024-03-19T09:59:55.995+09:00  INFO 4556 --- [ch09] [restartedMain] o.s.b.w.embedded.tomcat.TomcatWebServer  : Tomcat started on port 8080 (http) with context path '/sboard'
2024-03-19T09:59:55.999+09:00  INFO 4556 --- [ch09] [restartedMain] kr.co.sboard.SboardApplication           : Started SboardApplication in 0.326 seconds (process running for 695.391)
2024-03-19T09:59:56.000+09:00  INFO 4556 --- [ch09] [restartedMain] .ConditionEvaluationDeltaLoggingListener : Condition evaluation unchanged
2024-03-19T10:04:08.371+09:00  INFO 4556 --- [ch09] [SpringApplicationShutdownHook] j.LocalContainerEntityManagerFactoryBean : Closing JPA EntityManagerFactory for persistence unit 'default'
2024-03-19T10:04:08.371+09:00  INFO 4556 --- [ch09] [SpringApplicationShutdownHook] com.zaxxer.hikari.HikariDataSource       : HikariPool-3 - Shutdown initiated...
2024-03-19T10:04:08.375+09:00  INFO 4556 --- [ch09] [SpringApplicationShutdownHook] com.zaxxer.hikari.HikariDataSource       : HikariPool-3 - Shutdown completed.
2024-03-19T10:06:35.161+09:00  INFO 12112 --- [ch09] [restartedMain] kr.co.sboard.SboardApplication           : Starting SboardApplication using Java 17.0.9 with PID 12112 (C:\Users\java\Desktop\workspace\Spring\sboard\build\classes\java\main started by java in C:\Users\java\Desktop\workspace\Spring\sboard)
2024-03-19T10:06:35.162+09:00  INFO 12112 --- [ch09] [restartedMain] kr.co.sboard.SboardApplication           : No active profile set, falling back to 1 default profile: "default"
2024-03-19T10:06:35.283+09:00  INFO 12112 --- [ch09] [restartedMain] .e.DevToolsPropertyDefaultsPostProcessor : Devtools property defaults active! Set 'spring.devtools.add-properties' to 'false' to disable
2024-03-19T10:06:35.283+09:00  INFO 12112 --- [ch09] [restartedMain] .e.DevToolsPropertyDefaultsPostProcessor : For additional web related logging consider setting the 'logging.level.web' property to 'DEBUG'
2024-03-19T10:06:35.653+09:00  INFO 12112 --- [ch09] [restartedMain] .s.d.r.c.RepositoryConfigurationDelegate : Bootstrapping Spring Data JPA repositories in DEFAULT mode.
2024-03-19T10:06:35.681+09:00  INFO 12112 --- [ch09] [restartedMain] .s.d.r.c.RepositoryConfigurationDelegate : Finished Spring Data repository scanning in 22 ms. Found 1 JPA repository interface.
2024-03-19T10:06:36.065+09:00  INFO 12112 --- [ch09] [restartedMain] o.s.b.w.embedded.tomcat.TomcatWebServer  : Tomcat initialized with port 8080 (http)
2024-03-19T10:06:36.071+09:00  INFO 12112 --- [ch09] [restartedMain] o.apache.catalina.core.StandardService   : Starting service [Tomcat]
2024-03-19T10:06:36.072+09:00  INFO 12112 --- [ch09] [restartedMain] o.apache.catalina.core.StandardEngine    : Starting Servlet engine: [Apache Tomcat/10.1.19]
2024-03-19T10:06:36.097+09:00  INFO 12112 --- [ch09] [restartedMain] o.a.c.c.C.[.[localhost].[/sboard]        : Initializing Spring embedded WebApplicationContext
2024-03-19T10:06:36.097+09:00  INFO 12112 --- [ch09] [restartedMain] w.s.c.ServletWebServerApplicationContext : Root WebApplicationContext: initialization completed in 814 ms
2024-03-19T10:06:36.179+09:00  INFO 12112 --- [ch09] [restartedMain] o.hibernate.jpa.internal.util.LogHelper  : HHH000204: Processing PersistenceUnitInfo [name: default]
2024-03-19T10:06:36.206+09:00  INFO 12112 --- [ch09] [restartedMain] org.hibernate.Version                    : HHH000412: Hibernate ORM core version 6.4.4.Final
2024-03-19T10:06:36.225+09:00  INFO 12112 --- [ch09] [restartedMain] o.h.c.internal.RegionFactoryInitiator    : HHH000026: Second-level cache disabled
2024-03-19T10:06:36.365+09:00  INFO 12112 --- [ch09] [restartedMain] o.s.o.j.p.SpringPersistenceUnitInfo      : No LoadTimeWeaver setup: ignoring JPA class transformer
2024-03-19T10:06:36.384+09:00  INFO 12112 --- [ch09] [restartedMain] com.zaxxer.hikari.HikariDataSource       : HikariPool-1 - Starting...
2024-03-19T10:06:36.522+09:00  INFO 12112 --- [ch09] [restartedMain] com.zaxxer.hikari.pool.HikariPool        : HikariPool-1 - Added connection com.mysql.cj.jdbc.ConnectionImpl@58309c21
2024-03-19T10:06:36.524+09:00  INFO 12112 --- [ch09] [restartedMain] com.zaxxer.hikari.HikariDataSource       : HikariPool-1 - Start completed.
2024-03-19T10:06:36.550+09:00  WARN 12112 --- [ch09] [restartedMain] org.hibernate.orm.deprecation            : HHH90000025: MySQLDialect does not need to be specified explicitly using 'hibernate.dialect' (remove the property setting and it will be selected by default)
2024-03-19T10:06:37.010+09:00  INFO 12112 --- [ch09] [restartedMain] o.h.e.t.j.p.i.JtaPlatformInitiator       : HHH000489: No JTA platform available (set 'hibernate.transaction.jta.platform' to enable JTA platform integration)
2024-03-19T10:06:37.039+09:00  INFO 12112 --- [ch09] [restartedMain] j.LocalContainerEntityManagerFactoryBean : Initialized JPA EntityManagerFactory for persistence unit 'default'
2024-03-19T10:06:37.284+09:00  WARN 12112 --- [ch09] [restartedMain] JpaBaseConfiguration$JpaWebConfiguration : spring.jpa.open-in-view is enabled by default. Therefore, database queries may be performed during view rendering. Explicitly configure spring.jpa.open-in-view to disable this warning
2024-03-19T10:06:37.348+09:00  INFO 12112 --- [ch09] [restartedMain] o.s.b.a.w.s.WelcomePageHandlerMapping    : Adding welcome page template: index
2024-03-19T10:06:37.437+09:00  INFO 12112 --- [ch09] [restartedMain] o.s.s.web.DefaultSecurityFilterChain     : Will secure any request with [org.springframework.security.web.session.DisableEncodeUrlFilter@56ade8b3, org.springframework.security.web.context.request.async.WebAsyncManagerIntegrationFilter@71edd0d6, org.springframework.security.web.context.SecurityContextHolderFilter@3996ca2f, org.springframework.security.web.header.HeaderWriterFilter@5f1cb29d, org.springframework.web.filter.CorsFilter@5ea51d6c, org.springframework.security.web.authentication.logout.LogoutFilter@54981ce9, org.springframework.security.web.authentication.UsernamePasswordAuthenticationFilter@67f34667, org.springframework.security.web.savedrequest.RequestCacheAwareFilter@3fcb3b9d, org.springframework.security.web.servletapi.SecurityContextHolderAwareRequestFilter@5ed80365, org.springframework.security.web.authentication.AnonymousAuthenticationFilter@28abbfd2, org.springframework.security.web.access.ExceptionTranslationFilter@2dbfe396, org.springframework.security.web.access.intercept.AuthorizationFilter@64887de5]
2024-03-19T10:06:37.594+09:00  INFO 12112 --- [ch09] [restartedMain] o.s.b.d.a.OptionalLiveReloadServer       : LiveReload server is running on port 35729
2024-03-19T10:06:37.612+09:00  INFO 12112 --- [ch09] [restartedMain] o.s.b.w.embedded.tomcat.TomcatWebServer  : Tomcat started on port 8080 (http) with context path '/sboard'
2024-03-19T10:06:37.616+09:00  INFO 12112 --- [ch09] [restartedMain] kr.co.sboard.SboardApplication           : Started SboardApplication in 2.695 seconds (process running for 3.023)
2024-03-19T10:06:51.590+09:00  INFO 12112 --- [ch09] [http-nio-8080-exec-1] o.a.c.c.C.[.[localhost].[/sboard]        : Initializing Spring DispatcherServlet 'dispatcherServlet'
2024-03-19T10:06:51.590+09:00  INFO 12112 --- [ch09] [http-nio-8080-exec-1] o.s.web.servlet.DispatcherServlet        : Initializing Servlet 'dispatcherServlet'
2024-03-19T10:06:51.591+09:00  INFO 12112 --- [ch09] [http-nio-8080-exec-1] o.s.web.servlet.DispatcherServlet        : Completed initialization in 1 ms
2024-03-19T10:06:51.868+09:00  WARN 12112 --- [ch09] [http-nio-8080-exec-1] n.n.u.t.e.ExpressionProcessor            : Fragment expression "/layout/userLayout.html" is being wrapped as a Thymeleaf 3 fragment expression (~{...}) for backwards compatibility purposes.  This wrapping will be dropped in the next major version of the expression processor, so please rewrite as a Thymeleaf 3 fragment expression to future-proof your code.  See https://github.com/thymeleaf/thymeleaf/issues/451 for more information.
2024-03-19T10:08:22.151+09:00  INFO 12112 --- [ch09] [SpringApplicationShutdownHook] j.LocalContainerEntityManagerFactoryBean : Closing JPA EntityManagerFactory for persistence unit 'default'
2024-03-19T10:08:22.156+09:00  INFO 12112 --- [ch09] [SpringApplicationShutdownHook] com.zaxxer.hikari.HikariDataSource       : HikariPool-1 - Shutdown initiated...
2024-03-19T10:08:22.165+09:00  INFO 12112 --- [ch09] [SpringApplicationShutdownHook] com.zaxxer.hikari.HikariDataSource       : HikariPool-1 - Shutdown completed.
2024-03-19T10:13:02.667+09:00  INFO 12652 --- [ch09] [restartedMain] kr.co.sboard.SboardApplication           : Starting SboardApplication using Java 17.0.9 with PID 12652 (C:\Users\java\Desktop\workspace\Spring\sboard\build\classes\java\main started by java in C:\Users\java\Desktop\workspace\Spring\sboard)
2024-03-19T10:13:02.669+09:00  INFO 12652 --- [ch09] [restartedMain] kr.co.sboard.SboardApplication           : No active profile set, falling back to 1 default profile: "default"
2024-03-19T10:13:02.840+09:00  INFO 12652 --- [ch09] [restartedMain] .e.DevToolsPropertyDefaultsPostProcessor : Devtools property defaults active! Set 'spring.devtools.add-properties' to 'false' to disable
2024-03-19T10:13:02.840+09:00  INFO 12652 --- [ch09] [restartedMain] .e.DevToolsPropertyDefaultsPostProcessor : For additional web related logging consider setting the 'logging.level.web' property to 'DEBUG'
2024-03-19T10:13:03.270+09:00  INFO 12652 --- [ch09] [restartedMain] .s.d.r.c.RepositoryConfigurationDelegate : Bootstrapping Spring Data JPA repositories in DEFAULT mode.
2024-03-19T10:13:03.292+09:00  INFO 12652 --- [ch09] [restartedMain] .s.d.r.c.RepositoryConfigurationDelegate : Finished Spring Data repository scanning in 18 ms. Found 1 JPA repository interface.
2024-03-19T10:13:03.586+09:00  INFO 12652 --- [ch09] [restartedMain] o.s.b.w.embedded.tomcat.TomcatWebServer  : Tomcat initialized with port 8080 (http)
2024-03-19T10:13:03.593+09:00  INFO 12652 --- [ch09] [restartedMain] o.apache.catalina.core.StandardService   : Starting service [Tomcat]
2024-03-19T10:13:03.593+09:00  INFO 12652 --- [ch09] [restartedMain] o.apache.catalina.core.StandardEngine    : Starting Servlet engine: [Apache Tomcat/10.1.19]
2024-03-19T10:13:03.620+09:00  INFO 12652 --- [ch09] [restartedMain] o.a.c.c.C.[.[localhost].[/sboard]        : Initializing Spring embedded WebApplicationContext
2024-03-19T10:13:03.620+09:00  INFO 12652 --- [ch09] [restartedMain] w.s.c.ServletWebServerApplicationContext : Root WebApplicationContext: initialization completed in 779 ms
2024-03-19T10:13:03.711+09:00  INFO 12652 --- [ch09] [restartedMain] o.hibernate.jpa.internal.util.LogHelper  : HHH000204: Processing PersistenceUnitInfo [name: default]
2024-03-19T10:13:03.744+09:00  INFO 12652 --- [ch09] [restartedMain] org.hibernate.Version                    : HHH000412: Hibernate ORM core version 6.4.4.Final
2024-03-19T10:13:03.768+09:00  INFO 12652 --- [ch09] [restartedMain] o.h.c.internal.RegionFactoryInitiator    : HHH000026: Second-level cache disabled
2024-03-19T10:13:03.921+09:00  INFO 12652 --- [ch09] [restartedMain] o.s.o.j.p.SpringPersistenceUnitInfo      : No LoadTimeWeaver setup: ignoring JPA class transformer
2024-03-19T10:13:03.937+09:00  INFO 12652 --- [ch09] [restartedMain] com.zaxxer.hikari.HikariDataSource       : HikariPool-1 - Starting...
2024-03-19T10:13:04.092+09:00  INFO 12652 --- [ch09] [restartedMain] com.zaxxer.hikari.pool.HikariPool        : HikariPool-1 - Added connection com.mysql.cj.jdbc.ConnectionImpl@7563322b
2024-03-19T10:13:04.093+09:00  INFO 12652 --- [ch09] [restartedMain] com.zaxxer.hikari.HikariDataSource       : HikariPool-1 - Start completed.
2024-03-19T10:13:04.122+09:00  WARN 12652 --- [ch09] [restartedMain] org.hibernate.orm.deprecation            : HHH90000025: MySQLDialect does not need to be specified explicitly using 'hibernate.dialect' (remove the property setting and it will be selected by default)
2024-03-19T10:13:04.591+09:00  INFO 12652 --- [ch09] [restartedMain] o.h.e.t.j.p.i.JtaPlatformInitiator       : HHH000489: No JTA platform available (set 'hibernate.transaction.jta.platform' to enable JTA platform integration)
2024-03-19T10:13:04.616+09:00  INFO 12652 --- [ch09] [restartedMain] j.LocalContainerEntityManagerFactoryBean : Initialized JPA EntityManagerFactory for persistence unit 'default'
2024-03-19T10:13:04.834+09:00  WARN 12652 --- [ch09] [restartedMain] JpaBaseConfiguration$JpaWebConfiguration : spring.jpa.open-in-view is enabled by default. Therefore, database queries may be performed during view rendering. Explicitly configure spring.jpa.open-in-view to disable this warning
2024-03-19T10:13:04.890+09:00  INFO 12652 --- [ch09] [restartedMain] o.s.b.a.w.s.WelcomePageHandlerMapping    : Adding welcome page template: index
2024-03-19T10:13:04.997+09:00  INFO 12652 --- [ch09] [restartedMain] o.s.s.web.DefaultSecurityFilterChain     : Will secure any request with [org.springframework.security.web.session.DisableEncodeUrlFilter@71edd0d6, org.springframework.security.web.context.request.async.WebAsyncManagerIntegrationFilter@5ea51d6c, org.springframework.security.web.context.SecurityContextHolderFilter@3a41fda, org.springframework.security.web.header.HeaderWriterFilter@56ed47d4, org.springframework.web.filter.CorsFilter@28abbfd2, org.springframework.security.web.authentication.logout.LogoutFilter@40a3eb45, org.springframework.security.web.authentication.UsernamePasswordAuthenticationFilter@4995cd47, org.springframework.security.web.savedrequest.RequestCacheAwareFilter@5ed80365, org.springframework.security.web.servletapi.SecurityContextHolderAwareRequestFilter@51906d23, org.springframework.security.web.authentication.AnonymousAuthenticationFilter@117a2204, org.springframework.security.web.access.ExceptionTranslationFilter@fb65020, org.springframework.security.web.access.intercept.AuthorizationFilter@1a86bc23]
2024-03-19T10:13:05.163+09:00  INFO 12652 --- [ch09] [restartedMain] o.s.b.d.a.OptionalLiveReloadServer       : LiveReload server is running on port 35729
2024-03-19T10:13:05.183+09:00  INFO 12652 --- [ch09] [restartedMain] o.s.b.w.embedded.tomcat.TomcatWebServer  : Tomcat started on port 8080 (http) with context path '/sboard'
2024-03-19T10:13:05.189+09:00  INFO 12652 --- [ch09] [restartedMain] kr.co.sboard.SboardApplication           : Started SboardApplication in 2.814 seconds (process running for 3.15)
2024-03-19T10:13:07.252+09:00  INFO 12652 --- [ch09] [SpringApplicationShutdownHook] j.LocalContainerEntityManagerFactoryBean : Closing JPA EntityManagerFactory for persistence unit 'default'
2024-03-19T10:13:07.253+09:00  INFO 12652 --- [ch09] [SpringApplicationShutdownHook] com.zaxxer.hikari.HikariDataSource       : HikariPool-1 - Shutdown initiated...
2024-03-19T10:13:07.257+09:00  INFO 12652 --- [ch09] [SpringApplicationShutdownHook] com.zaxxer.hikari.HikariDataSource       : HikariPool-1 - Shutdown completed.
2024-03-19T10:15:47.047+09:00  INFO 8956 --- [ch09] [restartedMain] kr.co.sboard.SboardApplication           : Starting SboardApplication using Java 17.0.9 with PID 8956 (C:\Users\java\Desktop\workspace\Spring\sboard\build\classes\java\main started by java in C:\Users\java\Desktop\workspace\Spring\sboard)
2024-03-19T10:15:47.048+09:00  INFO 8956 --- [ch09] [restartedMain] kr.co.sboard.SboardApplication           : No active profile set, falling back to 1 default profile: "default"
2024-03-19T10:15:47.181+09:00  INFO 8956 --- [ch09] [restartedMain] .e.DevToolsPropertyDefaultsPostProcessor : Devtools property defaults active! Set 'spring.devtools.add-properties' to 'false' to disable
2024-03-19T10:15:47.182+09:00  INFO 8956 --- [ch09] [restartedMain] .e.DevToolsPropertyDefaultsPostProcessor : For additional web related logging consider setting the 'logging.level.web' property to 'DEBUG'
2024-03-19T10:15:47.568+09:00  INFO 8956 --- [ch09] [restartedMain] .s.d.r.c.RepositoryConfigurationDelegate : Bootstrapping Spring Data JPA repositories in DEFAULT mode.
2024-03-19T10:15:47.592+09:00  INFO 8956 --- [ch09] [restartedMain] .s.d.r.c.RepositoryConfigurationDelegate : Finished Spring Data repository scanning in 19 ms. Found 1 JPA repository interface.
2024-03-19T10:15:47.873+09:00  INFO 8956 --- [ch09] [restartedMain] o.s.b.w.embedded.tomcat.TomcatWebServer  : Tomcat initialized with port 8080 (http)
2024-03-19T10:15:47.879+09:00  INFO 8956 --- [ch09] [restartedMain] o.apache.catalina.core.StandardService   : Starting service [Tomcat]
2024-03-19T10:15:47.879+09:00  INFO 8956 --- [ch09] [restartedMain] o.apache.catalina.core.StandardEngine    : Starting Servlet engine: [Apache Tomcat/10.1.19]
2024-03-19T10:15:47.904+09:00  INFO 8956 --- [ch09] [restartedMain] o.a.c.c.C.[.[localhost].[/sboard]        : Initializing Spring embedded WebApplicationContext
2024-03-19T10:15:47.904+09:00  INFO 8956 --- [ch09] [restartedMain] w.s.c.ServletWebServerApplicationContext : Root WebApplicationContext: initialization completed in 722 ms
2024-03-19T10:15:47.983+09:00  INFO 8956 --- [ch09] [restartedMain] o.hibernate.jpa.internal.util.LogHelper  : HHH000204: Processing PersistenceUnitInfo [name: default]
2024-03-19T10:15:48.009+09:00  INFO 8956 --- [ch09] [restartedMain] org.hibernate.Version                    : HHH000412: Hibernate ORM core version 6.4.4.Final
2024-03-19T10:15:48.026+09:00  INFO 8956 --- [ch09] [restartedMain] o.h.c.internal.RegionFactoryInitiator    : HHH000026: Second-level cache disabled
2024-03-19T10:15:48.164+09:00  INFO 8956 --- [ch09] [restartedMain] o.s.o.j.p.SpringPersistenceUnitInfo      : No LoadTimeWeaver setup: ignoring JPA class transformer
2024-03-19T10:15:48.179+09:00  INFO 8956 --- [ch09] [restartedMain] com.zaxxer.hikari.HikariDataSource       : HikariPool-1 - Starting...
2024-03-19T10:15:48.314+09:00  INFO 8956 --- [ch09] [restartedMain] com.zaxxer.hikari.pool.HikariPool        : HikariPool-1 - Added connection com.mysql.cj.jdbc.ConnectionImpl@4f31d448
2024-03-19T10:15:48.315+09:00  INFO 8956 --- [ch09] [restartedMain] com.zaxxer.hikari.HikariDataSource       : HikariPool-1 - Start completed.
2024-03-19T10:15:48.342+09:00  WARN 8956 --- [ch09] [restartedMain] org.hibernate.orm.deprecation            : HHH90000025: MySQLDialect does not need to be specified explicitly using 'hibernate.dialect' (remove the property setting and it will be selected by default)
2024-03-19T10:15:48.782+09:00  INFO 8956 --- [ch09] [restartedMain] o.h.e.t.j.p.i.JtaPlatformInitiator       : HHH000489: No JTA platform available (set 'hibernate.transaction.jta.platform' to enable JTA platform integration)
2024-03-19T10:15:48.806+09:00  INFO 8956 --- [ch09] [restartedMain] j.LocalContainerEntityManagerFactoryBean : Initialized JPA EntityManagerFactory for persistence unit 'default'
2024-03-19T10:15:49.028+09:00  WARN 8956 --- [ch09] [restartedMain] JpaBaseConfiguration$JpaWebConfiguration : spring.jpa.open-in-view is enabled by default. Therefore, database queries may be performed during view rendering. Explicitly configure spring.jpa.open-in-view to disable this warning
2024-03-19T10:15:49.086+09:00  INFO 8956 --- [ch09] [restartedMain] o.s.b.a.w.s.WelcomePageHandlerMapping    : Adding welcome page template: index
2024-03-19T10:15:49.171+09:00  INFO 8956 --- [ch09] [restartedMain] o.s.s.web.DefaultSecurityFilterChain     : Will secure any request with [org.springframework.security.web.session.DisableEncodeUrlFilter@51f8baed, org.springframework.security.web.context.request.async.WebAsyncManagerIntegrationFilter@ef1aba1, org.springframework.security.web.context.SecurityContextHolderFilter@163a3c86, org.springframework.security.web.header.HeaderWriterFilter@eb1e197, org.springframework.web.filter.CorsFilter@5b721833, org.springframework.security.web.authentication.logout.LogoutFilter@3996ca2f, org.springframework.security.web.authentication.UsernamePasswordAuthenticationFilter@14182807, org.springframework.security.web.savedrequest.RequestCacheAwareFilter@5379db58, org.springframework.security.web.servletapi.SecurityContextHolderAwareRequestFilter@3c1e2d33, org.springframework.security.web.authentication.AnonymousAuthenticationFilter@54981ce9, org.springframework.security.web.access.ExceptionTranslationFilter@32331131, org.springframework.security.web.access.intercept.AuthorizationFilter@2bbadae]
2024-03-19T10:15:49.311+09:00  INFO 8956 --- [ch09] [restartedMain] o.s.b.d.a.OptionalLiveReloadServer       : LiveReload server is running on port 35729
2024-03-19T10:15:49.329+09:00  INFO 8956 --- [ch09] [restartedMain] o.s.b.w.embedded.tomcat.TomcatWebServer  : Tomcat started on port 8080 (http) with context path '/sboard'
2024-03-19T10:15:49.334+09:00  INFO 8956 --- [ch09] [restartedMain] kr.co.sboard.SboardApplication           : Started SboardApplication in 2.502 seconds (process running for 2.846)
2024-03-19T10:15:56.921+09:00  INFO 8956 --- [ch09] [http-nio-8080-exec-1] o.a.c.c.C.[.[localhost].[/sboard]        : Initializing Spring DispatcherServlet 'dispatcherServlet'
2024-03-19T10:15:56.921+09:00  INFO 8956 --- [ch09] [http-nio-8080-exec-1] o.s.web.servlet.DispatcherServlet        : Initializing Servlet 'dispatcherServlet'
2024-03-19T10:15:56.922+09:00  INFO 8956 --- [ch09] [http-nio-8080-exec-1] o.s.web.servlet.DispatcherServlet        : Completed initialization in 1 ms
2024-03-19T10:15:57.203+09:00  WARN 8956 --- [ch09] [http-nio-8080-exec-1] n.n.u.t.e.ExpressionProcessor            : Fragment expression "/layout/userLayout.html" is being wrapped as a Thymeleaf 3 fragment expression (~{...}) for backwards compatibility purposes.  This wrapping will be dropped in the next major version of the expression processor, so please rewrite as a Thymeleaf 3 fragment expression to future-proof your code.  See https://github.com/thymeleaf/thymeleaf/issues/451 for more information.
2024-03-19T10:16:10.051+09:00  INFO 8956 --- [ch09] [SpringApplicationShutdownHook] j.LocalContainerEntityManagerFactoryBean : Closing JPA EntityManagerFactory for persistence unit 'default'
2024-03-19T10:16:10.053+09:00  INFO 8956 --- [ch09] [SpringApplicationShutdownHook] com.zaxxer.hikari.HikariDataSource       : HikariPool-1 - Shutdown initiated...
2024-03-19T10:16:10.057+09:00  INFO 8956 --- [ch09] [SpringApplicationShutdownHook] com.zaxxer.hikari.HikariDataSource       : HikariPool-1 - Shutdown completed.
2024-03-19T12:17:48.502+09:00  INFO 17168 --- [ch09] [restartedMain] kr.co.sboard.SboardApplication           : Starting SboardApplication using Java 17.0.9 with PID 17168 (C:\Users\java\Desktop\workspace\Spring\sboard\build\classes\java\main started by java in C:\Users\java\Desktop\workspace\Spring\sboard)
2024-03-19T12:17:48.504+09:00  INFO 17168 --- [ch09] [restartedMain] kr.co.sboard.SboardApplication           : No active profile set, falling back to 1 default profile: "default"
2024-03-19T12:17:48.632+09:00  INFO 17168 --- [ch09] [restartedMain] .e.DevToolsPropertyDefaultsPostProcessor : Devtools property defaults active! Set 'spring.devtools.add-properties' to 'false' to disable
2024-03-19T12:17:48.632+09:00  INFO 17168 --- [ch09] [restartedMain] .e.DevToolsPropertyDefaultsPostProcessor : For additional web related logging consider setting the 'logging.level.web' property to 'DEBUG'
2024-03-19T12:17:49.032+09:00  INFO 17168 --- [ch09] [restartedMain] .s.d.r.c.RepositoryConfigurationDelegate : Bootstrapping Spring Data JPA repositories in DEFAULT mode.
2024-03-19T12:17:49.062+09:00  INFO 17168 --- [ch09] [restartedMain] .s.d.r.c.RepositoryConfigurationDelegate : Finished Spring Data repository scanning in 25 ms. Found 1 JPA repository interface.
2024-03-19T12:17:49.411+09:00  INFO 17168 --- [ch09] [restartedMain] o.s.b.w.embedded.tomcat.TomcatWebServer  : Tomcat initialized with port 8080 (http)
2024-03-19T12:17:49.418+09:00  INFO 17168 --- [ch09] [restartedMain] o.apache.catalina.core.StandardService   : Starting service [Tomcat]
2024-03-19T12:17:49.419+09:00  INFO 17168 --- [ch09] [restartedMain] o.apache.catalina.core.StandardEngine    : Starting Servlet engine: [Apache Tomcat/10.1.19]
2024-03-19T12:17:49.452+09:00  INFO 17168 --- [ch09] [restartedMain] o.a.c.c.C.[.[localhost].[/sboard]        : Initializing Spring embedded WebApplicationContext
2024-03-19T12:17:49.452+09:00  INFO 17168 --- [ch09] [restartedMain] w.s.c.ServletWebServerApplicationContext : Root WebApplicationContext: initialization completed in 820 ms
2024-03-19T12:17:49.556+09:00  INFO 17168 --- [ch09] [restartedMain] o.hibernate.jpa.internal.util.LogHelper  : HHH000204: Processing PersistenceUnitInfo [name: default]
2024-03-19T12:17:49.598+09:00  INFO 17168 --- [ch09] [restartedMain] org.hibernate.Version                    : HHH000412: Hibernate ORM core version 6.4.4.Final
2024-03-19T12:17:49.625+09:00  INFO 17168 --- [ch09] [restartedMain] o.h.c.internal.RegionFactoryInitiator    : HHH000026: Second-level cache disabled
2024-03-19T12:17:49.784+09:00  INFO 17168 --- [ch09] [restartedMain] o.s.o.j.p.SpringPersistenceUnitInfo      : No LoadTimeWeaver setup: ignoring JPA class transformer
2024-03-19T12:17:49.802+09:00  INFO 17168 --- [ch09] [restartedMain] com.zaxxer.hikari.HikariDataSource       : HikariPool-1 - Starting...
2024-03-19T12:17:49.986+09:00  INFO 17168 --- [ch09] [restartedMain] com.zaxxer.hikari.pool.HikariPool        : HikariPool-1 - Added connection com.mysql.cj.jdbc.ConnectionImpl@5aaea760
2024-03-19T12:17:49.987+09:00  INFO 17168 --- [ch09] [restartedMain] com.zaxxer.hikari.HikariDataSource       : HikariPool-1 - Start completed.
2024-03-19T12:17:50.017+09:00  WARN 17168 --- [ch09] [restartedMain] org.hibernate.orm.deprecation            : HHH90000025: MySQLDialect does not need to be specified explicitly using 'hibernate.dialect' (remove the property setting and it will be selected by default)
2024-03-19T12:17:50.491+09:00  INFO 17168 --- [ch09] [restartedMain] o.h.e.t.j.p.i.JtaPlatformInitiator       : HHH000489: No JTA platform available (set 'hibernate.transaction.jta.platform' to enable JTA platform integration)
2024-03-19T12:17:50.524+09:00  INFO 17168 --- [ch09] [restartedMain] j.LocalContainerEntityManagerFactoryBean : Initialized JPA EntityManagerFactory for persistence unit 'default'
2024-03-19T12:17:50.784+09:00  WARN 17168 --- [ch09] [restartedMain] JpaBaseConfiguration$JpaWebConfiguration : spring.jpa.open-in-view is enabled by default. Therefore, database queries may be performed during view rendering. Explicitly configure spring.jpa.open-in-view to disable this warning
2024-03-19T12:17:50.846+09:00  INFO 17168 --- [ch09] [restartedMain] o.s.b.a.w.s.WelcomePageHandlerMapping    : Adding welcome page template: index
2024-03-19T12:17:50.928+09:00  INFO 17168 --- [ch09] [restartedMain] o.s.s.web.DefaultSecurityFilterChain     : Will secure any request with [org.springframework.security.web.session.DisableEncodeUrlFilter@61461475, org.springframework.security.web.context.request.async.WebAsyncManagerIntegrationFilter@7a7ef882, org.springframework.security.web.context.SecurityContextHolderFilter@196aeadb, org.springframework.security.web.header.HeaderWriterFilter@402d9e9f, org.springframework.web.filter.CorsFilter@11e24c60, org.springframework.security.web.authentication.logout.LogoutFilter@5d423091, org.springframework.security.web.authentication.UsernamePasswordAuthenticationFilter@11439cd0, org.springframework.security.web.savedrequest.RequestCacheAwareFilter@1e9ee6c5, org.springframework.security.web.servletapi.SecurityContextHolderAwareRequestFilter@a8a2d3, org.springframework.security.web.authentication.AnonymousAuthenticationFilter@40ff434b, org.springframework.security.web.access.ExceptionTranslationFilter@1df99e80, org.springframework.security.web.access.intercept.AuthorizationFilter@66bfa39c]
2024-03-19T12:17:51.075+09:00  INFO 17168 --- [ch09] [restartedMain] o.s.b.d.a.OptionalLiveReloadServer       : LiveReload server is running on port 35729
2024-03-19T12:17:51.094+09:00  INFO 17168 --- [ch09] [restartedMain] o.s.b.w.embedded.tomcat.TomcatWebServer  : Tomcat started on port 8080 (http) with context path '/sboard'
2024-03-19T12:17:51.099+09:00  INFO 17168 --- [ch09] [restartedMain] kr.co.sboard.SboardApplication           : Started SboardApplication in 2.849 seconds (process running for 3.238)
2024-03-19T12:17:58.907+09:00  INFO 17168 --- [ch09] [http-nio-8080-exec-1] o.a.c.c.C.[.[localhost].[/sboard]        : Initializing Spring DispatcherServlet 'dispatcherServlet'
2024-03-19T12:17:58.907+09:00  INFO 17168 --- [ch09] [http-nio-8080-exec-1] o.s.web.servlet.DispatcherServlet        : Initializing Servlet 'dispatcherServlet'
2024-03-19T12:17:58.908+09:00  INFO 17168 --- [ch09] [http-nio-8080-exec-1] o.s.web.servlet.DispatcherServlet        : Completed initialization in 1 ms
2024-03-19T12:17:59.198+09:00  WARN 17168 --- [ch09] [http-nio-8080-exec-1] n.n.u.t.e.ExpressionProcessor            : Fragment expression "/layout/userLayout.html" is being wrapped as a Thymeleaf 3 fragment expression (~{...}) for backwards compatibility purposes.  This wrapping will be dropped in the next major version of the expression processor, so please rewrite as a Thymeleaf 3 fragment expression to future-proof your code.  See https://github.com/thymeleaf/thymeleaf/issues/451 for more information.
2024-03-19T12:18:39.255+09:00  INFO 17168 --- [ch09] [http-nio-8080-exec-3] kr.co.sboard.controller.UserController   : count : 1
2024-03-19T12:27:04.908+09:00  INFO 17168 --- [ch09] [File Watcher] rtingClassPathChangeChangedEventListener : Restarting due to 16 class path changes (0 additions, 0 deletions, 16 modifications)
2024-03-19T12:27:04.920+09:00  INFO 17168 --- [ch09] [Thread-5] j.LocalContainerEntityManagerFactoryBean : Closing JPA EntityManagerFactory for persistence unit 'default'
2024-03-19T12:27:04.923+09:00  INFO 17168 --- [ch09] [Thread-5] com.zaxxer.hikari.HikariDataSource       : HikariPool-1 - Shutdown initiated...
2024-03-19T12:27:04.927+09:00  INFO 17168 --- [ch09] [Thread-5] com.zaxxer.hikari.HikariDataSource       : HikariPool-1 - Shutdown completed.
2024-03-19T12:27:04.981+09:00  INFO 17168 --- [ch09] [restartedMain] kr.co.sboard.SboardApplication           : Starting SboardApplication using Java 17.0.9 with PID 17168 (C:\Users\java\Desktop\workspace\Spring\sboard\build\classes\java\main started by java in C:\Users\java\Desktop\workspace\Spring\sboard)
2024-03-19T12:27:04.982+09:00  INFO 17168 --- [ch09] [restartedMain] kr.co.sboard.SboardApplication           : No active profile set, falling back to 1 default profile: "default"
2024-03-19T12:27:05.085+09:00  INFO 17168 --- [ch09] [restartedMain] .s.d.r.c.RepositoryConfigurationDelegate : Bootstrapping Spring Data JPA repositories in DEFAULT mode.
2024-03-19T12:27:05.088+09:00  INFO 17168 --- [ch09] [restartedMain] .s.d.r.c.RepositoryConfigurationDelegate : Finished Spring Data repository scanning in 3 ms. Found 1 JPA repository interface.
2024-03-19T12:27:05.148+09:00  INFO 17168 --- [ch09] [restartedMain] o.s.b.w.embedded.tomcat.TomcatWebServer  : Tomcat initialized with port 8080 (http)
2024-03-19T12:27:05.149+09:00  INFO 17168 --- [ch09] [restartedMain] o.apache.catalina.core.StandardService   : Starting service [Tomcat]
2024-03-19T12:27:05.149+09:00  INFO 17168 --- [ch09] [restartedMain] o.apache.catalina.core.StandardEngine    : Starting Servlet engine: [Apache Tomcat/10.1.19]
2024-03-19T12:27:05.159+09:00  INFO 17168 --- [ch09] [restartedMain] o.a.c.c.C.[.[localhost].[/sboard]        : Initializing Spring embedded WebApplicationContext
2024-03-19T12:27:05.159+09:00  INFO 17168 --- [ch09] [restartedMain] w.s.c.ServletWebServerApplicationContext : Root WebApplicationContext: initialization completed in 174 ms
2024-03-19T12:27:05.178+09:00  INFO 17168 --- [ch09] [restartedMain] o.hibernate.jpa.internal.util.LogHelper  : HHH000204: Processing PersistenceUnitInfo [name: default]
2024-03-19T12:27:05.180+09:00  INFO 17168 --- [ch09] [restartedMain] o.h.c.internal.RegionFactoryInitiator    : HHH000026: Second-level cache disabled
2024-03-19T12:27:05.183+09:00  INFO 17168 --- [ch09] [restartedMain] o.s.o.j.p.SpringPersistenceUnitInfo      : No LoadTimeWeaver setup: ignoring JPA class transformer
2024-03-19T12:27:05.183+09:00  INFO 17168 --- [ch09] [restartedMain] com.zaxxer.hikari.HikariDataSource       : HikariPool-2 - Starting...
2024-03-19T12:27:05.191+09:00  INFO 17168 --- [ch09] [restartedMain] com.zaxxer.hikari.pool.HikariPool        : HikariPool-2 - Added connection com.mysql.cj.jdbc.ConnectionImpl@7d99dfec
2024-03-19T12:27:05.191+09:00  INFO 17168 --- [ch09] [restartedMain] com.zaxxer.hikari.HikariDataSource       : HikariPool-2 - Start completed.
2024-03-19T12:27:05.192+09:00  WARN 17168 --- [ch09] [restartedMain] org.hibernate.orm.deprecation            : HHH90000025: MySQLDialect does not need to be specified explicitly using 'hibernate.dialect' (remove the property setting and it will be selected by default)
2024-03-19T12:27:05.212+09:00  INFO 17168 --- [ch09] [restartedMain] o.h.e.t.j.p.i.JtaPlatformInitiator       : HHH000489: No JTA platform available (set 'hibernate.transaction.jta.platform' to enable JTA platform integration)
2024-03-19T12:27:05.216+09:00  INFO 17168 --- [ch09] [restartedMain] j.LocalContainerEntityManagerFactoryBean : Initialized JPA EntityManagerFactory for persistence unit 'default'
2024-03-19T12:27:05.262+09:00  WARN 17168 --- [ch09] [restartedMain] JpaBaseConfiguration$JpaWebConfiguration : spring.jpa.open-in-view is enabled by default. Therefore, database queries may be performed during view rendering. Explicitly configure spring.jpa.open-in-view to disable this warning
2024-03-19T12:27:05.273+09:00  INFO 17168 --- [ch09] [restartedMain] o.s.b.a.w.s.WelcomePageHandlerMapping    : Adding welcome page template: index
2024-03-19T12:27:05.298+09:00  INFO 17168 --- [ch09] [restartedMain] o.s.s.web.DefaultSecurityFilterChain     : Will secure any request with [org.springframework.security.web.session.DisableEncodeUrlFilter@78e16c1, org.springframework.security.web.context.request.async.WebAsyncManagerIntegrationFilter@2771bc1a, org.springframework.security.web.context.SecurityContextHolderFilter@17834aa0, org.springframework.security.web.header.HeaderWriterFilter@376944dc, org.springframework.web.filter.CorsFilter@274ecace, org.springframework.security.web.authentication.logout.LogoutFilter@66609dcb, org.springframework.security.web.authentication.UsernamePasswordAuthenticationFilter@52568855, org.springframework.security.web.savedrequest.RequestCacheAwareFilter@c299f9f, org.springframework.security.web.servletapi.SecurityContextHolderAwareRequestFilter@569c43d9, org.springframework.security.web.authentication.AnonymousAuthenticationFilter@27c6b05a, org.springframework.security.web.access.ExceptionTranslationFilter@3f3caa61, org.springframework.security.web.access.intercept.AuthorizationFilter@617c3e9b]
2024-03-19T12:27:05.332+09:00  INFO 17168 --- [ch09] [restartedMain] o.s.b.d.a.OptionalLiveReloadServer       : LiveReload server is running on port 35729
2024-03-19T12:27:05.338+09:00  INFO 17168 --- [ch09] [restartedMain] o.s.b.w.embedded.tomcat.TomcatWebServer  : Tomcat started on port 8080 (http) with context path '/sboard'
2024-03-19T12:27:05.340+09:00  INFO 17168 --- [ch09] [restartedMain] kr.co.sboard.SboardApplication           : Started SboardApplication in 0.375 seconds (process running for 557.479)
2024-03-19T12:27:05.341+09:00  INFO 17168 --- [ch09] [restartedMain] .ConditionEvaluationDeltaLoggingListener : Condition evaluation unchanged
2024-03-19T12:32:12.004+09:00  INFO 17168 --- [ch09] [SpringApplicationShutdownHook] j.LocalContainerEntityManagerFactoryBean : Closing JPA EntityManagerFactory for persistence unit 'default'
2024-03-19T12:32:12.005+09:00  INFO 17168 --- [ch09] [SpringApplicationShutdownHook] com.zaxxer.hikari.HikariDataSource       : HikariPool-2 - Shutdown initiated...
2024-03-19T12:32:12.007+09:00  INFO 17168 --- [ch09] [SpringApplicationShutdownHook] com.zaxxer.hikari.HikariDataSource       : HikariPool-2 - Shutdown completed.
2024-03-19T12:32:13.397+09:00  INFO 12272 --- [ch09] [restartedMain] kr.co.sboard.SboardApplication           : Starting SboardApplication using Java 17.0.9 with PID 12272 (C:\Users\java\Desktop\workspace\Spring\sboard\build\classes\java\main started by java in C:\Users\java\Desktop\workspace\Spring\sboard)
2024-03-19T12:32:13.398+09:00  INFO 12272 --- [ch09] [restartedMain] kr.co.sboard.SboardApplication           : No active profile set, falling back to 1 default profile: "default"
2024-03-19T12:32:13.517+09:00  INFO 12272 --- [ch09] [restartedMain] .e.DevToolsPropertyDefaultsPostProcessor : Devtools property defaults active! Set 'spring.devtools.add-properties' to 'false' to disable
2024-03-19T12:32:13.517+09:00  INFO 12272 --- [ch09] [restartedMain] .e.DevToolsPropertyDefaultsPostProcessor : For additional web related logging consider setting the 'logging.level.web' property to 'DEBUG'
2024-03-19T12:32:13.988+09:00  INFO 12272 --- [ch09] [restartedMain] .s.d.r.c.RepositoryConfigurationDelegate : Bootstrapping Spring Data JPA repositories in DEFAULT mode.
2024-03-19T12:32:14.015+09:00  INFO 12272 --- [ch09] [restartedMain] .s.d.r.c.RepositoryConfigurationDelegate : Finished Spring Data repository scanning in 22 ms. Found 1 JPA repository interface.
2024-03-19T12:32:14.303+09:00  INFO 12272 --- [ch09] [restartedMain] o.s.b.w.embedded.tomcat.TomcatWebServer  : Tomcat initialized with port 8080 (http)
2024-03-19T12:32:14.309+09:00  INFO 12272 --- [ch09] [restartedMain] o.apache.catalina.core.StandardService   : Starting service [Tomcat]
2024-03-19T12:32:14.310+09:00  INFO 12272 --- [ch09] [restartedMain] o.apache.catalina.core.StandardEngine    : Starting Servlet engine: [Apache Tomcat/10.1.19]
2024-03-19T12:32:14.338+09:00  INFO 12272 --- [ch09] [restartedMain] o.a.c.c.C.[.[localhost].[/sboard]        : Initializing Spring embedded WebApplicationContext
2024-03-19T12:32:14.338+09:00  INFO 12272 --- [ch09] [restartedMain] w.s.c.ServletWebServerApplicationContext : Root WebApplicationContext: initialization completed in 820 ms
2024-03-19T12:32:14.426+09:00  INFO 12272 --- [ch09] [restartedMain] o.hibernate.jpa.internal.util.LogHelper  : HHH000204: Processing PersistenceUnitInfo [name: default]
2024-03-19T12:32:14.453+09:00  INFO 12272 --- [ch09] [restartedMain] org.hibernate.Version                    : HHH000412: Hibernate ORM core version 6.4.4.Final
2024-03-19T12:32:14.472+09:00  INFO 12272 --- [ch09] [restartedMain] o.h.c.internal.RegionFactoryInitiator    : HHH000026: Second-level cache disabled
2024-03-19T12:32:14.616+09:00  INFO 12272 --- [ch09] [restartedMain] o.s.o.j.p.SpringPersistenceUnitInfo      : No LoadTimeWeaver setup: ignoring JPA class transformer
2024-03-19T12:32:14.631+09:00  INFO 12272 --- [ch09] [restartedMain] com.zaxxer.hikari.HikariDataSource       : HikariPool-1 - Starting...
2024-03-19T12:32:14.782+09:00  INFO 12272 --- [ch09] [restartedMain] com.zaxxer.hikari.pool.HikariPool        : HikariPool-1 - Added connection com.mysql.cj.jdbc.ConnectionImpl@679569bf
2024-03-19T12:32:14.783+09:00  INFO 12272 --- [ch09] [restartedMain] com.zaxxer.hikari.HikariDataSource       : HikariPool-1 - Start completed.
2024-03-19T12:32:14.812+09:00  WARN 12272 --- [ch09] [restartedMain] org.hibernate.orm.deprecation            : HHH90000025: MySQLDialect does not need to be specified explicitly using 'hibernate.dialect' (remove the property setting and it will be selected by default)
2024-03-19T12:32:15.285+09:00  INFO 12272 --- [ch09] [restartedMain] o.h.e.t.j.p.i.JtaPlatformInitiator       : HHH000489: No JTA platform available (set 'hibernate.transaction.jta.platform' to enable JTA platform integration)
2024-03-19T12:32:15.310+09:00  INFO 12272 --- [ch09] [restartedMain] j.LocalContainerEntityManagerFactoryBean : Initialized JPA EntityManagerFactory for persistence unit 'default'
2024-03-19T12:32:15.532+09:00  WARN 12272 --- [ch09] [restartedMain] JpaBaseConfiguration$JpaWebConfiguration : spring.jpa.open-in-view is enabled by default. Therefore, database queries may be performed during view rendering. Explicitly configure spring.jpa.open-in-view to disable this warning
2024-03-19T12:32:15.591+09:00  INFO 12272 --- [ch09] [restartedMain] o.s.b.a.w.s.WelcomePageHandlerMapping    : Adding welcome page template: index
2024-03-19T12:32:15.672+09:00  INFO 12272 --- [ch09] [restartedMain] o.s.s.web.DefaultSecurityFilterChain     : Will secure any request with [org.springframework.security.web.session.DisableEncodeUrlFilter@59c57002, org.springframework.security.web.context.request.async.WebAsyncManagerIntegrationFilter@2f1a9542, org.springframework.security.web.context.SecurityContextHolderFilter@29361d3a, org.springframework.security.web.header.HeaderWriterFilter@7bc52ccd, org.springframework.web.filter.CorsFilter@20f4db97, org.springframework.security.web.authentication.logout.LogoutFilter@42d937a5, org.springframework.security.web.authentication.UsernamePasswordAuthenticationFilter@61461475, org.springframework.security.web.savedrequest.RequestCacheAwareFilter@53706715, org.springframework.security.web.servletapi.SecurityContextHolderAwareRequestFilter@513df672, org.springframework.security.web.authentication.AnonymousAuthenticationFilter@33884bee, org.springframework.security.web.access.ExceptionTranslationFilter@62e83749, org.springframework.security.web.access.intercept.AuthorizationFilter@57d43fbf]
2024-03-19T12:32:15.808+09:00  INFO 12272 --- [ch09] [restartedMain] o.s.b.d.a.OptionalLiveReloadServer       : LiveReload server is running on port 35729
2024-03-19T12:32:15.826+09:00  INFO 12272 --- [ch09] [restartedMain] o.s.b.w.embedded.tomcat.TomcatWebServer  : Tomcat started on port 8080 (http) with context path '/sboard'
2024-03-19T12:32:15.831+09:00  INFO 12272 --- [ch09] [restartedMain] kr.co.sboard.SboardApplication           : Started SboardApplication in 2.655 seconds (process running for 2.959)
2024-03-19T12:33:43.184+09:00  INFO 12272 --- [ch09] [http-nio-8080-exec-1] o.a.c.c.C.[.[localhost].[/sboard]        : Initializing Spring DispatcherServlet 'dispatcherServlet'
2024-03-19T12:33:43.185+09:00  INFO 12272 --- [ch09] [http-nio-8080-exec-1] o.s.web.servlet.DispatcherServlet        : Initializing Servlet 'dispatcherServlet'
2024-03-19T12:33:43.186+09:00  INFO 12272 --- [ch09] [http-nio-8080-exec-1] o.s.web.servlet.DispatcherServlet        : Completed initialization in 1 ms
2024-03-19T12:33:43.469+09:00  WARN 12272 --- [ch09] [http-nio-8080-exec-1] n.n.u.t.e.ExpressionProcessor            : Fragment expression "/layout/userLayout.html" is being wrapped as a Thymeleaf 3 fragment expression (~{...}) for backwards compatibility purposes.  This wrapping will be dropped in the next major version of the expression processor, so please rewrite as a Thymeleaf 3 fragment expression to future-proof your code.  See https://github.com/thymeleaf/thymeleaf/issues/451 for more information.
2024-03-19T12:33:47.441+09:00  INFO 12272 --- [ch09] [http-nio-8080-exec-9] kr.co.sboard.controller.UserController   : count : 1
2024-03-19T12:34:51.755+09:00  INFO 12272 --- [ch09] [SpringApplicationShutdownHook] j.LocalContainerEntityManagerFactoryBean : Closing JPA EntityManagerFactory for persistence unit 'default'
2024-03-19T12:34:51.756+09:00  INFO 12272 --- [ch09] [SpringApplicationShutdownHook] com.zaxxer.hikari.HikariDataSource       : HikariPool-1 - Shutdown initiated...
2024-03-19T12:34:51.760+09:00  INFO 12272 --- [ch09] [SpringApplicationShutdownHook] com.zaxxer.hikari.HikariDataSource       : HikariPool-1 - Shutdown completed.
