2024-03-27T09:44:17.553+09:00  INFO 600 --- [jboard] [restartedMain] kr.co.sboard.SboardApplication           : Starting SboardApplication using Java 17.0.9 with PID 600 (C:\Users\java\Desktop\workspace\Spring\sboard\build\classes\java\main started by java in C:\Users\java\Desktop\workspace\Spring\sboard)
2024-03-27T09:44:17.554+09:00  INFO 600 --- [jboard] [restartedMain] kr.co.sboard.SboardApplication           : No active profile set, falling back to 1 default profile: "default"
2024-03-27T09:44:17.674+09:00  INFO 600 --- [jboard] [restartedMain] .e.DevToolsPropertyDefaultsPostProcessor : Devtools property defaults active! Set 'spring.devtools.add-properties' to 'false' to disable
2024-03-27T09:44:17.674+09:00  INFO 600 --- [jboard] [restartedMain] .e.DevToolsPropertyDefaultsPostProcessor : For additional web related logging consider setting the 'logging.level.web' property to 'DEBUG'
2024-03-27T09:44:18.086+09:00  INFO 600 --- [jboard] [restartedMain] .s.d.r.c.RepositoryConfigurationDelegate : Bootstrapping Spring Data JPA repositories in DEFAULT mode.
2024-03-27T09:44:18.118+09:00  INFO 600 --- [jboard] [restartedMain] .s.d.r.c.RepositoryConfigurationDelegate : Finished Spring Data repository scanning in 26 ms. Found 4 JPA repository interfaces.
2024-03-27T09:44:18.527+09:00  INFO 600 --- [jboard] [restartedMain] o.s.b.w.embedded.tomcat.TomcatWebServer  : Tomcat initialized with port 8080 (http)
2024-03-27T09:44:18.535+09:00  INFO 600 --- [jboard] [restartedMain] o.apache.catalina.core.StandardService   : Starting service [Tomcat]
2024-03-27T09:44:18.535+09:00  INFO 600 --- [jboard] [restartedMain] o.apache.catalina.core.StandardEngine    : Starting Servlet engine: [Apache Tomcat/10.1.19]
2024-03-27T09:44:18.566+09:00  INFO 600 --- [jboard] [restartedMain] o.a.c.c.C.[.[localhost].[/jboard]        : Initializing Spring embedded WebApplicationContext
2024-03-27T09:44:18.567+09:00  INFO 600 --- [jboard] [restartedMain] w.s.c.ServletWebServerApplicationContext : Root WebApplicationContext: initialization completed in 890 ms
2024-03-27T09:44:18.670+09:00  INFO 600 --- [jboard] [restartedMain] o.hibernate.jpa.internal.util.LogHelper  : HHH000204: Processing PersistenceUnitInfo [name: default]
2024-03-27T09:44:18.708+09:00  INFO 600 --- [jboard] [restartedMain] org.hibernate.Version                    : HHH000412: Hibernate ORM core version 6.4.4.Final
2024-03-27T09:44:18.725+09:00  INFO 600 --- [jboard] [restartedMain] o.h.c.internal.RegionFactoryInitiator    : HHH000026: Second-level cache disabled
2024-03-27T09:44:18.853+09:00  INFO 600 --- [jboard] [restartedMain] o.s.o.j.p.SpringPersistenceUnitInfo      : No LoadTimeWeaver setup: ignoring JPA class transformer
2024-03-27T09:44:18.867+09:00  INFO 600 --- [jboard] [restartedMain] com.zaxxer.hikari.HikariDataSource       : HikariPool-1 - Starting...
2024-03-27T09:44:19.021+09:00  INFO 600 --- [jboard] [restartedMain] com.zaxxer.hikari.pool.HikariPool        : HikariPool-1 - Added connection com.mysql.cj.jdbc.ConnectionImpl@f037b8f
2024-03-27T09:44:19.022+09:00  INFO 600 --- [jboard] [restartedMain] com.zaxxer.hikari.HikariDataSource       : HikariPool-1 - Start completed.
2024-03-27T09:44:19.052+09:00  WARN 600 --- [jboard] [restartedMain] org.hibernate.orm.deprecation            : HHH90000025: MySQLDialect does not need to be specified explicitly using 'hibernate.dialect' (remove the property setting and it will be selected by default)
2024-03-27T09:44:19.622+09:00  INFO 600 --- [jboard] [restartedMain] o.h.e.t.j.p.i.JtaPlatformInitiator       : HHH000489: No JTA platform available (set 'hibernate.transaction.jta.platform' to enable JTA platform integration)
2024-03-27T09:44:19.647+09:00  INFO 600 --- [jboard] [restartedMain] j.LocalContainerEntityManagerFactoryBean : Initialized JPA EntityManagerFactory for persistence unit 'default'
2024-03-27T09:44:20.031+09:00  WARN 600 --- [jboard] [restartedMain] JpaBaseConfiguration$JpaWebConfiguration : spring.jpa.open-in-view is enabled by default. Therefore, database queries may be performed during view rendering. Explicitly configure spring.jpa.open-in-view to disable this warning
2024-03-27T09:44:20.184+09:00  INFO 600 --- [jboard] [restartedMain] o.s.s.web.DefaultSecurityFilterChain     : Will secure any request with [org.springframework.security.web.session.DisableEncodeUrlFilter@4f361066, org.springframework.security.web.context.request.async.WebAsyncManagerIntegrationFilter@7cbbb0aa, org.springframework.security.web.context.SecurityContextHolderFilter@68faf793, org.springframework.security.web.header.HeaderWriterFilter@22ff5524, org.springframework.web.filter.CorsFilter@7136af82, org.springframework.security.web.authentication.logout.LogoutFilter@37bbb4aa, org.springframework.security.web.authentication.UsernamePasswordAuthenticationFilter@1d2176e0, org.springframework.security.web.savedrequest.RequestCacheAwareFilter@6b2e121, org.springframework.security.web.servletapi.SecurityContextHolderAwareRequestFilter@78db9f8d, org.springframework.security.web.authentication.AnonymousAuthenticationFilter@4baacbf7, org.springframework.security.web.access.ExceptionTranslationFilter@3c24d483, org.springframework.security.web.access.intercept.AuthorizationFilter@264568af]
2024-03-27T09:44:20.337+09:00  INFO 600 --- [jboard] [restartedMain] o.s.b.d.a.OptionalLiveReloadServer       : LiveReload server is running on port 35729
2024-03-27T09:44:20.358+09:00  INFO 600 --- [jboard] [restartedMain] o.s.b.w.embedded.tomcat.TomcatWebServer  : Tomcat started on port 8080 (http) with context path '/jboard'
2024-03-27T09:44:20.362+09:00  INFO 600 --- [jboard] [restartedMain] kr.co.sboard.SboardApplication           : Started SboardApplication in 3.022 seconds (process running for 3.323)
2024-03-27T09:44:36.792+09:00  INFO 600 --- [jboard] [SpringApplicationShutdownHook] j.LocalContainerEntityManagerFactoryBean : Closing JPA EntityManagerFactory for persistence unit 'default'
2024-03-27T09:44:36.794+09:00  INFO 600 --- [jboard] [SpringApplicationShutdownHook] com.zaxxer.hikari.HikariDataSource       : HikariPool-1 - Shutdown initiated...
2024-03-27T09:44:36.797+09:00  INFO 600 --- [jboard] [SpringApplicationShutdownHook] com.zaxxer.hikari.HikariDataSource       : HikariPool-1 - Shutdown completed.
