2024-03-26T11:58:08.099+09:00  INFO 5716 --- [sboard] [restartedMain] kr.co.sboard.SboardApplication           : Starting SboardApplication using Java 17.0.9 with PID 5716 (C:\Users\java\Desktop\workspace\Spring\sboard\build\classes\java\main started by java in C:\Users\java\Desktop\workspace\Spring\sboard)
2024-03-26T11:58:08.104+09:00  INFO 5716 --- [sboard] [restartedMain] kr.co.sboard.SboardApplication           : No active profile set, falling back to 1 default profile: "default"
2024-03-26T11:58:08.257+09:00  INFO 5716 --- [sboard] [restartedMain] .e.DevToolsPropertyDefaultsPostProcessor : Devtools property defaults active! Set 'spring.devtools.add-properties' to 'false' to disable
2024-03-26T11:58:08.257+09:00  INFO 5716 --- [sboard] [restartedMain] .e.DevToolsPropertyDefaultsPostProcessor : For additional web related logging consider setting the 'logging.level.web' property to 'DEBUG'
2024-03-26T11:58:08.678+09:00  INFO 5716 --- [sboard] [restartedMain] .s.d.r.c.RepositoryConfigurationDelegate : Bootstrapping Spring Data JPA repositories in DEFAULT mode.
2024-03-26T11:58:08.708+09:00  INFO 5716 --- [sboard] [restartedMain] .s.d.r.c.RepositoryConfigurationDelegate : Finished Spring Data repository scanning in 25 ms. Found 4 JPA repository interfaces.
2024-03-26T11:58:09.092+09:00  INFO 5716 --- [sboard] [restartedMain] o.s.b.w.embedded.tomcat.TomcatWebServer  : Tomcat initialized with port 8080 (http)
2024-03-26T11:58:09.098+09:00  INFO 5716 --- [sboard] [restartedMain] o.apache.catalina.core.StandardService   : Starting service [Tomcat]
2024-03-26T11:58:09.098+09:00  INFO 5716 --- [sboard] [restartedMain] o.apache.catalina.core.StandardEngine    : Starting Servlet engine: [Apache Tomcat/10.1.19]
2024-03-26T11:58:09.127+09:00  INFO 5716 --- [sboard] [restartedMain] o.a.c.c.C.[.[localhost].[/sboard]        : Initializing Spring embedded WebApplicationContext
2024-03-26T11:58:09.128+09:00  INFO 5716 --- [sboard] [restartedMain] w.s.c.ServletWebServerApplicationContext : Root WebApplicationContext: initialization completed in 870 ms
2024-03-26T11:58:09.160+09:00  WARN 5716 --- [sboard] [restartedMain] o.a.c.c.C.[.[localhost].[/sboard]        : Cannot deserialize session attribute [SPRING_SECURITY_CONTEXT] for session [34A1FFFAFD179D531F93035E160909CF]
2024-03-26T11:58:09.223+09:00  INFO 5716 --- [sboard] [restartedMain] o.hibernate.jpa.internal.util.LogHelper  : HHH000204: Processing PersistenceUnitInfo [name: default]
2024-03-26T11:58:09.250+09:00  INFO 5716 --- [sboard] [restartedMain] org.hibernate.Version                    : HHH000412: Hibernate ORM core version 6.4.4.Final
2024-03-26T11:58:09.267+09:00  INFO 5716 --- [sboard] [restartedMain] o.h.c.internal.RegionFactoryInitiator    : HHH000026: Second-level cache disabled
2024-03-26T11:58:09.426+09:00  INFO 5716 --- [sboard] [restartedMain] o.s.o.j.p.SpringPersistenceUnitInfo      : No LoadTimeWeaver setup: ignoring JPA class transformer
2024-03-26T11:58:09.442+09:00  INFO 5716 --- [sboard] [restartedMain] com.zaxxer.hikari.HikariDataSource       : HikariPool-1 - Starting...
2024-03-26T11:58:09.580+09:00  INFO 5716 --- [sboard] [restartedMain] com.zaxxer.hikari.pool.HikariPool        : HikariPool-1 - Added connection com.mysql.cj.jdbc.ConnectionImpl@f2a6e9d
2024-03-26T11:58:09.581+09:00  INFO 5716 --- [sboard] [restartedMain] com.zaxxer.hikari.HikariDataSource       : HikariPool-1 - Start completed.
2024-03-26T11:58:09.609+09:00  WARN 5716 --- [sboard] [restartedMain] org.hibernate.orm.deprecation            : HHH90000025: MySQLDialect does not need to be specified explicitly using 'hibernate.dialect' (remove the property setting and it will be selected by default)
2024-03-26T11:58:10.201+09:00  INFO 5716 --- [sboard] [restartedMain] o.h.e.t.j.p.i.JtaPlatformInitiator       : HHH000489: No JTA platform available (set 'hibernate.transaction.jta.platform' to enable JTA platform integration)
2024-03-26T11:58:10.249+09:00  INFO 5716 --- [sboard] [restartedMain] j.LocalContainerEntityManagerFactoryBean : Initialized JPA EntityManagerFactory for persistence unit 'default'
2024-03-26T11:58:10.617+09:00  WARN 5716 --- [sboard] [restartedMain] JpaBaseConfiguration$JpaWebConfiguration : spring.jpa.open-in-view is enabled by default. Therefore, database queries may be performed during view rendering. Explicitly configure spring.jpa.open-in-view to disable this warning
2024-03-26T11:58:10.765+09:00  INFO 5716 --- [sboard] [restartedMain] o.s.s.web.DefaultSecurityFilterChain     : Will secure any request with [org.springframework.security.web.session.DisableEncodeUrlFilter@1d67652b, org.springframework.security.web.context.request.async.WebAsyncManagerIntegrationFilter@7dd1f401, org.springframework.security.web.context.SecurityContextHolderFilter@38d58aca, org.springframework.security.web.header.HeaderWriterFilter@70c7ed73, org.springframework.web.filter.CorsFilter@140cd62c, org.springframework.security.web.authentication.logout.LogoutFilter@5fd51841, org.springframework.security.web.authentication.UsernamePasswordAuthenticationFilter@2e584d41, org.springframework.security.web.savedrequest.RequestCacheAwareFilter@53a1cde2, org.springframework.security.web.servletapi.SecurityContextHolderAwareRequestFilter@32453a7d, org.springframework.security.web.authentication.AnonymousAuthenticationFilter@7a652870, org.springframework.security.web.access.ExceptionTranslationFilter@4da4eb7c, org.springframework.security.web.access.intercept.AuthorizationFilter@42744452]
2024-03-26T11:58:10.935+09:00  WARN 5716 --- [sboard] [restartedMain] o.s.b.d.a.OptionalLiveReloadServer       : Unable to start LiveReload server
2024-03-26T11:58:10.947+09:00  WARN 5716 --- [sboard] [restartedMain] ConfigServletWebServerApplicationContext : Exception encountered during context initialization - cancelling refresh attempt: org.springframework.context.ApplicationContextException: Failed to start bean 'webServerStartStop'
2024-03-26T11:58:10.948+09:00  INFO 5716 --- [sboard] [restartedMain] j.LocalContainerEntityManagerFactoryBean : Closing JPA EntityManagerFactory for persistence unit 'default'
2024-03-26T11:58:10.950+09:00  INFO 5716 --- [sboard] [restartedMain] com.zaxxer.hikari.HikariDataSource       : HikariPool-1 - Shutdown initiated...
2024-03-26T11:58:10.955+09:00  INFO 5716 --- [sboard] [restartedMain] com.zaxxer.hikari.HikariDataSource       : HikariPool-1 - Shutdown completed.
2024-03-26T11:58:10.961+09:00  INFO 5716 --- [sboard] [restartedMain] .s.b.a.l.ConditionEvaluationReportLogger : 

Error starting ApplicationContext. To display the condition evaluation report re-run your application with 'debug' enabled.
2024-03-26T11:58:10.973+09:00 ERROR 5716 --- [sboard] [restartedMain] o.s.b.d.LoggingFailureAnalysisReporter   : 

***************************
APPLICATION FAILED TO START
***************************

Description:

Web server failed to start. Port 8080 was already in use.

Action:

Identify and stop the process that's listening on port 8080 or configure this application to listen on another port.

2024-03-26T11:58:28.452+09:00  INFO 18220 --- [sboard] [restartedMain] kr.co.sboard.SboardApplication           : Starting SboardApplication using Java 17.0.9 with PID 18220 (C:\Users\java\Desktop\workspace\Spring\sboard\build\classes\java\main started by java in C:\Users\java\Desktop\workspace\Spring\sboard)
2024-03-26T11:58:28.453+09:00  INFO 18220 --- [sboard] [restartedMain] kr.co.sboard.SboardApplication           : No active profile set, falling back to 1 default profile: "default"
2024-03-26T11:58:28.575+09:00  INFO 18220 --- [sboard] [restartedMain] .e.DevToolsPropertyDefaultsPostProcessor : Devtools property defaults active! Set 'spring.devtools.add-properties' to 'false' to disable
2024-03-26T11:58:28.575+09:00  INFO 18220 --- [sboard] [restartedMain] .e.DevToolsPropertyDefaultsPostProcessor : For additional web related logging consider setting the 'logging.level.web' property to 'DEBUG'
2024-03-26T11:58:28.971+09:00  INFO 18220 --- [sboard] [restartedMain] .s.d.r.c.RepositoryConfigurationDelegate : Bootstrapping Spring Data JPA repositories in DEFAULT mode.
2024-03-26T11:58:28.999+09:00  INFO 18220 --- [sboard] [restartedMain] .s.d.r.c.RepositoryConfigurationDelegate : Finished Spring Data repository scanning in 23 ms. Found 4 JPA repository interfaces.
2024-03-26T11:58:29.292+09:00  INFO 18220 --- [sboard] [restartedMain] o.s.b.w.embedded.tomcat.TomcatWebServer  : Tomcat initialized with port 8080 (http)
2024-03-26T11:58:29.299+09:00  INFO 18220 --- [sboard] [restartedMain] o.apache.catalina.core.StandardService   : Starting service [Tomcat]
2024-03-26T11:58:29.299+09:00  INFO 18220 --- [sboard] [restartedMain] o.apache.catalina.core.StandardEngine    : Starting Servlet engine: [Apache Tomcat/10.1.19]
2024-03-26T11:58:29.325+09:00  INFO 18220 --- [sboard] [restartedMain] o.a.c.c.C.[.[localhost].[/sboard]        : Initializing Spring embedded WebApplicationContext
2024-03-26T11:58:29.325+09:00  INFO 18220 --- [sboard] [restartedMain] w.s.c.ServletWebServerApplicationContext : Root WebApplicationContext: initialization completed in 749 ms
2024-03-26T11:58:29.416+09:00  INFO 18220 --- [sboard] [restartedMain] o.hibernate.jpa.internal.util.LogHelper  : HHH000204: Processing PersistenceUnitInfo [name: default]
2024-03-26T11:58:29.446+09:00  INFO 18220 --- [sboard] [restartedMain] org.hibernate.Version                    : HHH000412: Hibernate ORM core version 6.4.4.Final
2024-03-26T11:58:29.465+09:00  INFO 18220 --- [sboard] [restartedMain] o.h.c.internal.RegionFactoryInitiator    : HHH000026: Second-level cache disabled
2024-03-26T11:58:29.613+09:00  INFO 18220 --- [sboard] [restartedMain] o.s.o.j.p.SpringPersistenceUnitInfo      : No LoadTimeWeaver setup: ignoring JPA class transformer
2024-03-26T11:58:29.629+09:00  INFO 18220 --- [sboard] [restartedMain] com.zaxxer.hikari.HikariDataSource       : HikariPool-1 - Starting...
2024-03-26T11:58:29.777+09:00  INFO 18220 --- [sboard] [restartedMain] com.zaxxer.hikari.pool.HikariPool        : HikariPool-1 - Added connection com.mysql.cj.jdbc.ConnectionImpl@361cdfa3
2024-03-26T11:58:29.778+09:00  INFO 18220 --- [sboard] [restartedMain] com.zaxxer.hikari.HikariDataSource       : HikariPool-1 - Start completed.
2024-03-26T11:58:29.806+09:00  WARN 18220 --- [sboard] [restartedMain] org.hibernate.orm.deprecation            : HHH90000025: MySQLDialect does not need to be specified explicitly using 'hibernate.dialect' (remove the property setting and it will be selected by default)
2024-03-26T11:58:30.331+09:00  INFO 18220 --- [sboard] [restartedMain] o.h.e.t.j.p.i.JtaPlatformInitiator       : HHH000489: No JTA platform available (set 'hibernate.transaction.jta.platform' to enable JTA platform integration)
2024-03-26T11:58:30.362+09:00  INFO 18220 --- [sboard] [restartedMain] j.LocalContainerEntityManagerFactoryBean : Initialized JPA EntityManagerFactory for persistence unit 'default'
2024-03-26T11:58:30.672+09:00  WARN 18220 --- [sboard] [restartedMain] JpaBaseConfiguration$JpaWebConfiguration : spring.jpa.open-in-view is enabled by default. Therefore, database queries may be performed during view rendering. Explicitly configure spring.jpa.open-in-view to disable this warning
2024-03-26T11:58:30.806+09:00  INFO 18220 --- [sboard] [restartedMain] o.s.s.web.DefaultSecurityFilterChain     : Will secure any request with [org.springframework.security.web.session.DisableEncodeUrlFilter@73ee709, org.springframework.security.web.context.request.async.WebAsyncManagerIntegrationFilter@3eae46d2, org.springframework.security.web.context.SecurityContextHolderFilter@66d54eac, org.springframework.security.web.header.HeaderWriterFilter@1d0b5e7f, org.springframework.web.filter.CorsFilter@5350e6a6, org.springframework.security.web.authentication.logout.LogoutFilter@1b95065f, org.springframework.security.web.authentication.UsernamePasswordAuthenticationFilter@63112818, org.springframework.security.web.savedrequest.RequestCacheAwareFilter@2585011, org.springframework.security.web.servletapi.SecurityContextHolderAwareRequestFilter@45dce32e, org.springframework.security.web.authentication.AnonymousAuthenticationFilter@28895d46, org.springframework.security.web.access.ExceptionTranslationFilter@479ca4d9, org.springframework.security.web.access.intercept.AuthorizationFilter@78683824]
2024-03-26T11:58:30.958+09:00  WARN 18220 --- [sboard] [restartedMain] o.s.b.d.a.OptionalLiveReloadServer       : Unable to start LiveReload server
2024-03-26T11:58:30.970+09:00  WARN 18220 --- [sboard] [restartedMain] ConfigServletWebServerApplicationContext : Exception encountered during context initialization - cancelling refresh attempt: org.springframework.context.ApplicationContextException: Failed to start bean 'webServerStartStop'
2024-03-26T11:58:30.971+09:00  INFO 18220 --- [sboard] [restartedMain] j.LocalContainerEntityManagerFactoryBean : Closing JPA EntityManagerFactory for persistence unit 'default'
2024-03-26T11:58:30.973+09:00  INFO 18220 --- [sboard] [restartedMain] com.zaxxer.hikari.HikariDataSource       : HikariPool-1 - Shutdown initiated...
2024-03-26T11:58:30.977+09:00  INFO 18220 --- [sboard] [restartedMain] com.zaxxer.hikari.HikariDataSource       : HikariPool-1 - Shutdown completed.
2024-03-26T11:58:30.985+09:00  INFO 18220 --- [sboard] [restartedMain] .s.b.a.l.ConditionEvaluationReportLogger : 

Error starting ApplicationContext. To display the condition evaluation report re-run your application with 'debug' enabled.
2024-03-26T11:58:30.995+09:00 ERROR 18220 --- [sboard] [restartedMain] o.s.b.d.LoggingFailureAnalysisReporter   : 

***************************
APPLICATION FAILED TO START
***************************

Description:

Web server failed to start. Port 8080 was already in use.

Action:

Identify and stop the process that's listening on port 8080 or configure this application to listen on another port.

2024-03-26T11:59:17.570+09:00  INFO 4784 --- [sboard] [restartedMain] kr.co.sboard.SboardApplication           : Starting SboardApplication using Java 17.0.9 with PID 4784 (C:\Users\java\Desktop\workspace\Spring\sboard\build\classes\java\main started by java in C:\Users\java\Desktop\workspace\Spring\sboard)
2024-03-26T11:59:17.571+09:00  INFO 4784 --- [sboard] [restartedMain] kr.co.sboard.SboardApplication           : No active profile set, falling back to 1 default profile: "default"
2024-03-26T11:59:17.683+09:00  INFO 4784 --- [sboard] [restartedMain] .e.DevToolsPropertyDefaultsPostProcessor : Devtools property defaults active! Set 'spring.devtools.add-properties' to 'false' to disable
2024-03-26T11:59:17.684+09:00  INFO 4784 --- [sboard] [restartedMain] .e.DevToolsPropertyDefaultsPostProcessor : For additional web related logging consider setting the 'logging.level.web' property to 'DEBUG'
2024-03-26T11:59:18.043+09:00  INFO 4784 --- [sboard] [restartedMain] .s.d.r.c.RepositoryConfigurationDelegate : Bootstrapping Spring Data JPA repositories in DEFAULT mode.
2024-03-26T11:59:18.073+09:00  INFO 4784 --- [sboard] [restartedMain] .s.d.r.c.RepositoryConfigurationDelegate : Finished Spring Data repository scanning in 24 ms. Found 4 JPA repository interfaces.
2024-03-26T11:59:18.367+09:00  INFO 4784 --- [sboard] [restartedMain] o.s.b.w.embedded.tomcat.TomcatWebServer  : Tomcat initialized with port 8080 (http)
2024-03-26T11:59:18.373+09:00  INFO 4784 --- [sboard] [restartedMain] o.apache.catalina.core.StandardService   : Starting service [Tomcat]
2024-03-26T11:59:18.374+09:00  INFO 4784 --- [sboard] [restartedMain] o.apache.catalina.core.StandardEngine    : Starting Servlet engine: [Apache Tomcat/10.1.19]
2024-03-26T11:59:18.399+09:00  INFO 4784 --- [sboard] [restartedMain] o.a.c.c.C.[.[localhost].[/sboard]        : Initializing Spring embedded WebApplicationContext
2024-03-26T11:59:18.400+09:00  INFO 4784 --- [sboard] [restartedMain] w.s.c.ServletWebServerApplicationContext : Root WebApplicationContext: initialization completed in 716 ms
2024-03-26T11:59:18.574+09:00  INFO 4784 --- [sboard] [restartedMain] o.hibernate.jpa.internal.util.LogHelper  : HHH000204: Processing PersistenceUnitInfo [name: default]
2024-03-26T11:59:18.644+09:00  INFO 4784 --- [sboard] [restartedMain] org.hibernate.Version                    : HHH000412: Hibernate ORM core version 6.4.4.Final
2024-03-26T11:59:18.679+09:00  INFO 4784 --- [sboard] [restartedMain] o.h.c.internal.RegionFactoryInitiator    : HHH000026: Second-level cache disabled
2024-03-26T11:59:18.899+09:00  INFO 4784 --- [sboard] [restartedMain] o.s.o.j.p.SpringPersistenceUnitInfo      : No LoadTimeWeaver setup: ignoring JPA class transformer
2024-03-26T11:59:18.918+09:00  INFO 4784 --- [sboard] [restartedMain] com.zaxxer.hikari.HikariDataSource       : HikariPool-1 - Starting...
2024-03-26T11:59:19.059+09:00  INFO 4784 --- [sboard] [restartedMain] com.zaxxer.hikari.pool.HikariPool        : HikariPool-1 - Added connection com.mysql.cj.jdbc.ConnectionImpl@47a2c7ae
2024-03-26T11:59:19.060+09:00  INFO 4784 --- [sboard] [restartedMain] com.zaxxer.hikari.HikariDataSource       : HikariPool-1 - Start completed.
2024-03-26T11:59:19.086+09:00  WARN 4784 --- [sboard] [restartedMain] org.hibernate.orm.deprecation            : HHH90000025: MySQLDialect does not need to be specified explicitly using 'hibernate.dialect' (remove the property setting and it will be selected by default)
2024-03-26T11:59:19.723+09:00  INFO 4784 --- [sboard] [restartedMain] o.h.e.t.j.p.i.JtaPlatformInitiator       : HHH000489: No JTA platform available (set 'hibernate.transaction.jta.platform' to enable JTA platform integration)
2024-03-26T11:59:19.774+09:00  INFO 4784 --- [sboard] [restartedMain] j.LocalContainerEntityManagerFactoryBean : Initialized JPA EntityManagerFactory for persistence unit 'default'
2024-03-26T11:59:20.078+09:00  WARN 4784 --- [sboard] [restartedMain] JpaBaseConfiguration$JpaWebConfiguration : spring.jpa.open-in-view is enabled by default. Therefore, database queries may be performed during view rendering. Explicitly configure spring.jpa.open-in-view to disable this warning
2024-03-26T11:59:20.210+09:00  INFO 4784 --- [sboard] [restartedMain] o.s.s.web.DefaultSecurityFilterChain     : Will secure any request with [org.springframework.security.web.session.DisableEncodeUrlFilter@3e09c555, org.springframework.security.web.context.request.async.WebAsyncManagerIntegrationFilter@efb5faa, org.springframework.security.web.context.SecurityContextHolderFilter@37d4139e, org.springframework.security.web.header.HeaderWriterFilter@582f207c, org.springframework.web.filter.CorsFilter@29d39d47, org.springframework.security.web.authentication.logout.LogoutFilter@241cc775, org.springframework.security.web.authentication.UsernamePasswordAuthenticationFilter@7a3eb0bb, org.springframework.security.web.savedrequest.RequestCacheAwareFilter@2fa887ad, org.springframework.security.web.servletapi.SecurityContextHolderAwareRequestFilter@6c59fe7d, org.springframework.security.web.authentication.AnonymousAuthenticationFilter@1921d6a7, org.springframework.security.web.access.ExceptionTranslationFilter@1b115db9, org.springframework.security.web.access.intercept.AuthorizationFilter@7ef9c771]
2024-03-26T11:59:20.356+09:00  INFO 4784 --- [sboard] [restartedMain] o.s.b.d.a.OptionalLiveReloadServer       : LiveReload server is running on port 35729
2024-03-26T11:59:20.374+09:00  INFO 4784 --- [sboard] [restartedMain] o.s.b.w.embedded.tomcat.TomcatWebServer  : Tomcat started on port 8080 (http) with context path '/sboard'
2024-03-26T11:59:20.378+09:00  INFO 4784 --- [sboard] [restartedMain] kr.co.sboard.SboardApplication           : Started SboardApplication in 3.028 seconds (process running for 3.335)
2024-03-26T11:59:29.729+09:00  INFO 4784 --- [sboard] [http-nio-8080-exec-1] o.a.c.c.C.[.[localhost].[/sboard]        : Initializing Spring DispatcherServlet 'dispatcherServlet'
2024-03-26T11:59:29.729+09:00  INFO 4784 --- [sboard] [http-nio-8080-exec-1] o.s.web.servlet.DispatcherServlet        : Initializing Servlet 'dispatcherServlet'
2024-03-26T11:59:29.730+09:00  INFO 4784 --- [sboard] [http-nio-8080-exec-1] o.s.web.servlet.DispatcherServlet        : Completed initialization in 1 ms
2024-03-26T11:59:30.046+09:00  WARN 4784 --- [sboard] [http-nio-8080-exec-1] n.n.u.t.e.ExpressionProcessor            : Fragment expression "/layout/defaultLayout.html" is being wrapped as a Thymeleaf 3 fragment expression (~{...}) for backwards compatibility purposes.  This wrapping will be dropped in the next major version of the expression processor, so please rewrite as a Thymeleaf 3 fragment expression to future-proof your code.  See https://github.com/thymeleaf/thymeleaf/issues/451 for more information.
2024-03-26T12:22:26.164+09:00  INFO 4784 --- [sboard] [SpringApplicationShutdownHook] j.LocalContainerEntityManagerFactoryBean : Closing JPA EntityManagerFactory for persistence unit 'default'
2024-03-26T12:22:26.168+09:00  INFO 4784 --- [sboard] [SpringApplicationShutdownHook] com.zaxxer.hikari.HikariDataSource       : HikariPool-1 - Shutdown initiated...
2024-03-26T12:22:26.176+09:00  INFO 4784 --- [sboard] [SpringApplicationShutdownHook] com.zaxxer.hikari.HikariDataSource       : HikariPool-1 - Shutdown completed.
