2024-03-15T16:46:34.065+09:00  INFO 15900 --- [ch09] [restartedMain] kr.co.ch09.Ch09Application               : Starting Ch09Application using Java 17.0.9 with PID 15900 (C:\Users\java\Desktop\workspace\Spring\ch09\build\classes\java\main started by java in C:\Users\java\Desktop\workspace\Spring\ch09)
2024-03-15T16:46:34.070+09:00  INFO 15900 --- [ch09] [restartedMain] kr.co.ch09.Ch09Application               : No active profile set, falling back to 1 default profile: "default"
2024-03-15T16:46:34.104+09:00  INFO 15900 --- [ch09] [restartedMain] .e.DevToolsPropertyDefaultsPostProcessor : Devtools property defaults active! Set 'spring.devtools.add-properties' to 'false' to disable
2024-03-15T16:46:34.104+09:00  INFO 15900 --- [ch09] [restartedMain] .e.DevToolsPropertyDefaultsPostProcessor : For additional web related logging consider setting the 'logging.level.web' property to 'DEBUG'
2024-03-15T16:46:34.707+09:00  INFO 15900 --- [ch09] [restartedMain] .s.d.r.c.RepositoryConfigurationDelegate : Bootstrapping Spring Data JPA repositories in DEFAULT mode.
2024-03-15T16:46:34.732+09:00  INFO 15900 --- [ch09] [restartedMain] .s.d.r.c.RepositoryConfigurationDelegate : Finished Spring Data repository scanning in 21 ms. Found 3 JPA repository interfaces.
2024-03-15T16:46:34.803+09:00  WARN 15900 --- [ch09] [restartedMain] o.m.s.mapper.ClassPathMapperScanner      : No MyBatis mapper was found in '[kr.co.ch09]' package. Please check your configuration.
2024-03-15T16:46:35.150+09:00  INFO 15900 --- [ch09] [restartedMain] o.s.b.w.embedded.tomcat.TomcatWebServer  : Tomcat initialized with port 8080 (http)
2024-03-15T16:46:35.161+09:00  INFO 15900 --- [ch09] [restartedMain] o.apache.catalina.core.StandardService   : Starting service [Tomcat]
2024-03-15T16:46:35.161+09:00  INFO 15900 --- [ch09] [restartedMain] o.apache.catalina.core.StandardEngine    : Starting Servlet engine: [Apache Tomcat/10.1.19]
2024-03-15T16:46:35.208+09:00  INFO 15900 --- [ch09] [restartedMain] o.a.c.c.C.[Tomcat].[localhost].[/ch09]   : Initializing Spring embedded WebApplicationContext
2024-03-15T16:46:35.209+09:00  INFO 15900 --- [ch09] [restartedMain] w.s.c.ServletWebServerApplicationContext : Root WebApplicationContext: initialization completed in 1105 ms
2024-03-15T16:46:35.333+09:00  INFO 15900 --- [ch09] [restartedMain] o.hibernate.jpa.internal.util.LogHelper  : HHH000204: Processing PersistenceUnitInfo [name: default]
2024-03-15T16:46:35.379+09:00  INFO 15900 --- [ch09] [restartedMain] org.hibernate.Version                    : HHH000412: Hibernate ORM core version 6.4.4.Final
2024-03-15T16:46:35.413+09:00  INFO 15900 --- [ch09] [restartedMain] o.h.c.internal.RegionFactoryInitiator    : HHH000026: Second-level cache disabled
2024-03-15T16:46:35.585+09:00  INFO 15900 --- [ch09] [restartedMain] o.s.o.j.p.SpringPersistenceUnitInfo      : No LoadTimeWeaver setup: ignoring JPA class transformer
2024-03-15T16:46:35.602+09:00  INFO 15900 --- [ch09] [restartedMain] com.zaxxer.hikari.HikariDataSource       : HikariPool-1 - Starting...
2024-03-15T16:46:35.741+09:00  INFO 15900 --- [ch09] [restartedMain] com.zaxxer.hikari.pool.HikariPool        : HikariPool-1 - Added connection com.mysql.cj.jdbc.ConnectionImpl@64a97647
2024-03-15T16:46:35.743+09:00  INFO 15900 --- [ch09] [restartedMain] com.zaxxer.hikari.HikariDataSource       : HikariPool-1 - Start completed.
2024-03-15T16:46:35.770+09:00  WARN 15900 --- [ch09] [restartedMain] org.hibernate.orm.deprecation            : HHH90000025: MySQLDialect does not need to be specified explicitly using 'hibernate.dialect' (remove the property setting and it will be selected by default)
2024-03-15T16:46:36.263+09:00  INFO 15900 --- [ch09] [restartedMain] o.h.e.t.j.p.i.JtaPlatformInitiator       : HHH000489: No JTA platform available (set 'hibernate.transaction.jta.platform' to enable JTA platform integration)
2024-03-15T16:46:36.294+09:00  INFO 15900 --- [ch09] [restartedMain] j.LocalContainerEntityManagerFactoryBean : Initialized JPA EntityManagerFactory for persistence unit 'default'
2024-03-15T16:46:36.493+09:00  WARN 15900 --- [ch09] [restartedMain] JpaBaseConfiguration$JpaWebConfiguration : spring.jpa.open-in-view is enabled by default. Therefore, database queries may be performed during view rendering. Explicitly configure spring.jpa.open-in-view to disable this warning
2024-03-15T16:46:36.552+09:00  INFO 15900 --- [ch09] [restartedMain] o.s.b.a.w.s.WelcomePageHandlerMapping    : Adding welcome page template: index
2024-03-15T16:46:36.644+09:00  INFO 15900 --- [ch09] [restartedMain] o.s.s.web.DefaultSecurityFilterChain     : Will secure any request with [org.springframework.security.web.session.DisableEncodeUrlFilter@14cf5877, org.springframework.security.web.context.request.async.WebAsyncManagerIntegrationFilter@4a311383, org.springframework.security.web.context.SecurityContextHolderFilter@37470109, org.springframework.security.web.header.HeaderWriterFilter@6ae40ec9, org.springframework.web.filter.CorsFilter@55449c7f, org.springframework.security.web.authentication.logout.LogoutFilter@72d30c, org.springframework.security.web.authentication.UsernamePasswordAuthenticationFilter@5354f4c0, org.springframework.security.web.savedrequest.RequestCacheAwareFilter@32b0ef4, org.springframework.security.web.servletapi.SecurityContextHolderAwareRequestFilter@1d51d013, org.springframework.security.web.authentication.AnonymousAuthenticationFilter@43d1e755, org.springframework.security.web.access.ExceptionTranslationFilter@2a97bfc7, org.springframework.security.web.access.intercept.AuthorizationFilter@18e8d914]
2024-03-15T16:46:36.841+09:00  INFO 15900 --- [ch09] [restartedMain] o.s.b.d.a.OptionalLiveReloadServer       : LiveReload server is running on port 35729
2024-03-15T16:46:36.865+09:00  INFO 15900 --- [ch09] [restartedMain] o.s.b.w.embedded.tomcat.TomcatWebServer  : Tomcat started on port 8080 (http) with context path '/ch09'
2024-03-15T16:46:36.869+09:00  INFO 15900 --- [ch09] [restartedMain] kr.co.ch09.Ch09Application               : Started Ch09Application in 3.119 seconds (process running for 3.456)
2024-03-15T16:46:45.933+09:00  INFO 15900 --- [ch09] [http-nio-8080-exec-1] o.a.c.c.C.[Tomcat].[localhost].[/ch09]   : Initializing Spring DispatcherServlet 'dispatcherServlet'
2024-03-15T16:46:45.933+09:00  INFO 15900 --- [ch09] [http-nio-8080-exec-1] o.s.web.servlet.DispatcherServlet        : Initializing Servlet 'dispatcherServlet'
2024-03-15T16:46:45.934+09:00  INFO 15900 --- [ch09] [http-nio-8080-exec-1] o.s.web.servlet.DispatcherServlet        : Completed initialization in 1 ms
2024-03-15T16:48:46.842+09:00  INFO 15900 --- [ch09] [SpringApplicationShutdownHook] j.LocalContainerEntityManagerFactoryBean : Closing JPA EntityManagerFactory for persistence unit 'default'
2024-03-15T16:48:46.844+09:00  INFO 15900 --- [ch09] [SpringApplicationShutdownHook] com.zaxxer.hikari.HikariDataSource       : HikariPool-1 - Shutdown initiated...
2024-03-15T16:48:46.847+09:00  INFO 15900 --- [ch09] [SpringApplicationShutdownHook] com.zaxxer.hikari.HikariDataSource       : HikariPool-1 - Shutdown completed.
2024-03-15T16:49:10.276+09:00  INFO 13776 --- [ch09] [restartedMain] kr.co.ch09.Ch09Application               : Starting Ch09Application using Java 17.0.9 with PID 13776 (C:\Users\java\Desktop\workspace\Spring\ch09\build\classes\java\main started by java in C:\Users\java\Desktop\workspace\Spring\ch09)
2024-03-15T16:49:10.277+09:00  INFO 13776 --- [ch09] [restartedMain] kr.co.ch09.Ch09Application               : No active profile set, falling back to 1 default profile: "default"
2024-03-15T16:49:10.299+09:00  INFO 13776 --- [ch09] [restartedMain] .e.DevToolsPropertyDefaultsPostProcessor : Devtools property defaults active! Set 'spring.devtools.add-properties' to 'false' to disable
2024-03-15T16:49:10.299+09:00  INFO 13776 --- [ch09] [restartedMain] .e.DevToolsPropertyDefaultsPostProcessor : For additional web related logging consider setting the 'logging.level.web' property to 'DEBUG'
2024-03-15T16:49:10.721+09:00  INFO 13776 --- [ch09] [restartedMain] .s.d.r.c.RepositoryConfigurationDelegate : Bootstrapping Spring Data JPA repositories in DEFAULT mode.
2024-03-15T16:49:10.758+09:00  INFO 13776 --- [ch09] [restartedMain] .s.d.r.c.RepositoryConfigurationDelegate : Finished Spring Data repository scanning in 32 ms. Found 3 JPA repository interfaces.
2024-03-15T16:49:10.848+09:00  WARN 13776 --- [ch09] [restartedMain] o.m.s.mapper.ClassPathMapperScanner      : No MyBatis mapper was found in '[kr.co.ch09]' package. Please check your configuration.
2024-03-15T16:49:11.104+09:00  INFO 13776 --- [ch09] [restartedMain] o.s.b.w.embedded.tomcat.TomcatWebServer  : Tomcat initialized with port 8080 (http)
2024-03-15T16:49:11.112+09:00  INFO 13776 --- [ch09] [restartedMain] o.apache.catalina.core.StandardService   : Starting service [Tomcat]
2024-03-15T16:49:11.112+09:00  INFO 13776 --- [ch09] [restartedMain] o.apache.catalina.core.StandardEngine    : Starting Servlet engine: [Apache Tomcat/10.1.19]
2024-03-15T16:49:11.139+09:00  INFO 13776 --- [ch09] [restartedMain] o.a.c.c.C.[Tomcat].[localhost].[/ch09]   : Initializing Spring embedded WebApplicationContext
2024-03-15T16:49:11.139+09:00  INFO 13776 --- [ch09] [restartedMain] w.s.c.ServletWebServerApplicationContext : Root WebApplicationContext: initialization completed in 839 ms
2024-03-15T16:49:11.215+09:00  INFO 13776 --- [ch09] [restartedMain] o.hibernate.jpa.internal.util.LogHelper  : HHH000204: Processing PersistenceUnitInfo [name: default]
2024-03-15T16:49:11.242+09:00  INFO 13776 --- [ch09] [restartedMain] org.hibernate.Version                    : HHH000412: Hibernate ORM core version 6.4.4.Final
2024-03-15T16:49:11.260+09:00  INFO 13776 --- [ch09] [restartedMain] o.h.c.internal.RegionFactoryInitiator    : HHH000026: Second-level cache disabled
2024-03-15T16:49:11.412+09:00  INFO 13776 --- [ch09] [restartedMain] o.s.o.j.p.SpringPersistenceUnitInfo      : No LoadTimeWeaver setup: ignoring JPA class transformer
2024-03-15T16:49:11.427+09:00  INFO 13776 --- [ch09] [restartedMain] com.zaxxer.hikari.HikariDataSource       : HikariPool-1 - Starting...
2024-03-15T16:49:11.560+09:00  INFO 13776 --- [ch09] [restartedMain] com.zaxxer.hikari.pool.HikariPool        : HikariPool-1 - Added connection com.mysql.cj.jdbc.ConnectionImpl@18b7afee
2024-03-15T16:49:11.561+09:00  INFO 13776 --- [ch09] [restartedMain] com.zaxxer.hikari.HikariDataSource       : HikariPool-1 - Start completed.
2024-03-15T16:49:11.589+09:00  WARN 13776 --- [ch09] [restartedMain] org.hibernate.orm.deprecation            : HHH90000025: MySQLDialect does not need to be specified explicitly using 'hibernate.dialect' (remove the property setting and it will be selected by default)
2024-03-15T16:49:12.056+09:00  INFO 13776 --- [ch09] [restartedMain] o.h.e.t.j.p.i.JtaPlatformInitiator       : HHH000489: No JTA platform available (set 'hibernate.transaction.jta.platform' to enable JTA platform integration)
2024-03-15T16:49:12.085+09:00  INFO 13776 --- [ch09] [restartedMain] j.LocalContainerEntityManagerFactoryBean : Initialized JPA EntityManagerFactory for persistence unit 'default'
2024-03-15T16:49:12.272+09:00  WARN 13776 --- [ch09] [restartedMain] JpaBaseConfiguration$JpaWebConfiguration : spring.jpa.open-in-view is enabled by default. Therefore, database queries may be performed during view rendering. Explicitly configure spring.jpa.open-in-view to disable this warning
2024-03-15T16:49:12.335+09:00  INFO 13776 --- [ch09] [restartedMain] o.s.b.a.w.s.WelcomePageHandlerMapping    : Adding welcome page template: index
2024-03-15T16:49:12.429+09:00  INFO 13776 --- [ch09] [restartedMain] o.s.s.web.DefaultSecurityFilterChain     : Will secure any request with [org.springframework.security.web.session.DisableEncodeUrlFilter@30524620, org.springframework.security.web.context.request.async.WebAsyncManagerIntegrationFilter@aa9229c, org.springframework.security.web.context.SecurityContextHolderFilter@787e7561, org.springframework.security.web.header.HeaderWriterFilter@5e45b9, org.springframework.web.filter.CorsFilter@173464, org.springframework.security.web.authentication.logout.LogoutFilter@527a2d2, org.springframework.security.web.authentication.UsernamePasswordAuthenticationFilter@4c0c67ff, org.springframework.security.web.savedrequest.RequestCacheAwareFilter@2278f7cd, org.springframework.security.web.servletapi.SecurityContextHolderAwareRequestFilter@27a8222e, org.springframework.security.web.authentication.AnonymousAuthenticationFilter@5dbf03e1, org.springframework.security.web.access.ExceptionTranslationFilter@200298ad, org.springframework.security.web.access.intercept.AuthorizationFilter@561d8b95]
2024-03-15T16:49:12.626+09:00  INFO 13776 --- [ch09] [restartedMain] o.s.b.d.a.OptionalLiveReloadServer       : LiveReload server is running on port 35729
2024-03-15T16:49:12.644+09:00  INFO 13776 --- [ch09] [restartedMain] o.s.b.w.embedded.tomcat.TomcatWebServer  : Tomcat started on port 8080 (http) with context path '/ch09'
2024-03-15T16:49:12.649+09:00  INFO 13776 --- [ch09] [restartedMain] kr.co.ch09.Ch09Application               : Started Ch09Application in 2.604 seconds (process running for 2.961)
2024-03-15T16:49:49.468+09:00  INFO 13776 --- [ch09] [SpringApplicationShutdownHook] j.LocalContainerEntityManagerFactoryBean : Closing JPA EntityManagerFactory for persistence unit 'default'
2024-03-15T16:49:49.471+09:00  INFO 13776 --- [ch09] [SpringApplicationShutdownHook] com.zaxxer.hikari.HikariDataSource       : HikariPool-1 - Shutdown initiated...
2024-03-15T16:49:49.478+09:00  INFO 13776 --- [ch09] [SpringApplicationShutdownHook] com.zaxxer.hikari.HikariDataSource       : HikariPool-1 - Shutdown completed.
