2024-03-29T09:13:04.998+09:00  INFO 16584 --- [jboard] [restartedMain] kr.co.jboard.JboardApplication           : Starting JboardApplication using Java 17.0.9 with PID 16584 (C:\Users\java\Desktop\workspace\Spring\jboard\build\classes\java\main started by java in C:\Users\java\Desktop\workspace\Spring\jboard)
2024-03-29T09:13:05.004+09:00  INFO 16584 --- [jboard] [restartedMain] kr.co.jboard.JboardApplication           : No active profile set, falling back to 1 default profile: "default"
2024-03-29T09:13:05.136+09:00  INFO 16584 --- [jboard] [restartedMain] .e.DevToolsPropertyDefaultsPostProcessor : Devtools property defaults active! Set 'spring.devtools.add-properties' to 'false' to disable
2024-03-29T09:13:05.136+09:00  INFO 16584 --- [jboard] [restartedMain] .e.DevToolsPropertyDefaultsPostProcessor : For additional web related logging consider setting the 'logging.level.web' property to 'DEBUG'
2024-03-29T09:13:05.570+09:00  INFO 16584 --- [jboard] [restartedMain] .s.d.r.c.RepositoryConfigurationDelegate : Bootstrapping Spring Data JPA repositories in DEFAULT mode.
2024-03-29T09:13:05.598+09:00  INFO 16584 --- [jboard] [restartedMain] .s.d.r.c.RepositoryConfigurationDelegate : Finished Spring Data repository scanning in 22 ms. Found 1 JPA repository interface.
2024-03-29T09:13:05.936+09:00  INFO 16584 --- [jboard] [restartedMain] o.s.b.w.embedded.tomcat.TomcatWebServer  : Tomcat initialized with port 8080 (http)
2024-03-29T09:13:05.944+09:00  INFO 16584 --- [jboard] [restartedMain] o.apache.catalina.core.StandardService   : Starting service [Tomcat]
2024-03-29T09:13:05.944+09:00  INFO 16584 --- [jboard] [restartedMain] o.apache.catalina.core.StandardEngine    : Starting Servlet engine: [Apache Tomcat/10.1.19]
2024-03-29T09:13:05.974+09:00  INFO 16584 --- [jboard] [restartedMain] o.a.c.c.C.[.[localhost].[/jboard]        : Initializing Spring embedded WebApplicationContext
2024-03-29T09:13:05.974+09:00  INFO 16584 --- [jboard] [restartedMain] w.s.c.ServletWebServerApplicationContext : Root WebApplicationContext: initialization completed in 837 ms
2024-03-29T09:13:06.075+09:00  INFO 16584 --- [jboard] [restartedMain] o.hibernate.jpa.internal.util.LogHelper  : HHH000204: Processing PersistenceUnitInfo [name: default]
2024-03-29T09:13:06.125+09:00  INFO 16584 --- [jboard] [restartedMain] org.hibernate.Version                    : HHH000412: Hibernate ORM core version 6.4.4.Final
2024-03-29T09:13:06.153+09:00  INFO 16584 --- [jboard] [restartedMain] o.h.c.internal.RegionFactoryInitiator    : HHH000026: Second-level cache disabled
2024-03-29T09:13:06.338+09:00  INFO 16584 --- [jboard] [restartedMain] o.s.o.j.p.SpringPersistenceUnitInfo      : No LoadTimeWeaver setup: ignoring JPA class transformer
2024-03-29T09:13:06.356+09:00  INFO 16584 --- [jboard] [restartedMain] com.zaxxer.hikari.HikariDataSource       : HikariPool-1 - Starting...
2024-03-29T09:13:06.554+09:00  INFO 16584 --- [jboard] [restartedMain] com.zaxxer.hikari.pool.HikariPool        : HikariPool-1 - Added connection com.mysql.cj.jdbc.ConnectionImpl@7bf401a2
2024-03-29T09:13:06.556+09:00  INFO 16584 --- [jboard] [restartedMain] com.zaxxer.hikari.HikariDataSource       : HikariPool-1 - Start completed.
2024-03-29T09:13:06.594+09:00  WARN 16584 --- [jboard] [restartedMain] org.hibernate.orm.deprecation            : HHH90000025: MySQLDialect does not need to be specified explicitly using 'hibernate.dialect' (remove the property setting and it will be selected by default)
2024-03-29T09:13:07.149+09:00  INFO 16584 --- [jboard] [restartedMain] o.h.e.t.j.p.i.JtaPlatformInitiator       : HHH000489: No JTA platform available (set 'hibernate.transaction.jta.platform' to enable JTA platform integration)
2024-03-29T09:13:07.189+09:00  INFO 16584 --- [jboard] [restartedMain] j.LocalContainerEntityManagerFactoryBean : Initialized JPA EntityManagerFactory for persistence unit 'default'
2024-03-29T09:13:07.494+09:00  WARN 16584 --- [jboard] [restartedMain] JpaBaseConfiguration$JpaWebConfiguration : spring.jpa.open-in-view is enabled by default. Therefore, database queries may be performed during view rendering. Explicitly configure spring.jpa.open-in-view to disable this warning
2024-03-29T09:13:07.654+09:00  INFO 16584 --- [jboard] [restartedMain] o.s.s.web.DefaultSecurityFilterChain     : Will secure any request with [org.springframework.security.web.session.DisableEncodeUrlFilter@56c36025, org.springframework.security.web.context.request.async.WebAsyncManagerIntegrationFilter@1bc89244, org.springframework.security.web.context.SecurityContextHolderFilter@f5ed37e, org.springframework.security.web.header.HeaderWriterFilter@41b1a11e, org.springframework.web.filter.CorsFilter@6404bb0, org.springframework.security.web.authentication.logout.LogoutFilter@79344ea1, org.springframework.security.web.authentication.UsernamePasswordAuthenticationFilter@7831263e, org.springframework.security.web.savedrequest.RequestCacheAwareFilter@391b2198, org.springframework.security.web.servletapi.SecurityContextHolderAwareRequestFilter@1b85d1bc, org.springframework.security.web.authentication.AnonymousAuthenticationFilter@3e33149d, org.springframework.security.web.access.ExceptionTranslationFilter@2f39e7dd, org.springframework.security.web.access.intercept.AuthorizationFilter@7df61617]
2024-03-29T09:13:07.829+09:00  INFO 16584 --- [jboard] [restartedMain] o.s.b.d.a.OptionalLiveReloadServer       : LiveReload server is running on port 35729
2024-03-29T09:13:07.849+09:00  INFO 16584 --- [jboard] [restartedMain] o.s.b.w.embedded.tomcat.TomcatWebServer  : Tomcat started on port 8080 (http) with context path '/jboard'
2024-03-29T09:13:07.854+09:00  INFO 16584 --- [jboard] [restartedMain] kr.co.jboard.JboardApplication           : Started JboardApplication in 3.104 seconds (process running for 3.548)
2024-03-29T09:13:20.242+09:00  INFO 16584 --- [jboard] [SpringApplicationShutdownHook] j.LocalContainerEntityManagerFactoryBean : Closing JPA EntityManagerFactory for persistence unit 'default'
2024-03-29T09:13:20.244+09:00  INFO 16584 --- [jboard] [SpringApplicationShutdownHook] com.zaxxer.hikari.HikariDataSource       : HikariPool-1 - Shutdown initiated...
2024-03-29T09:13:20.249+09:00  INFO 16584 --- [jboard] [SpringApplicationShutdownHook] com.zaxxer.hikari.HikariDataSource       : HikariPool-1 - Shutdown completed.
